#
# There is insufficient memory for the Java Runtime Environment to continue.
# Native memory allocation (mmap) failed to map 2097152 bytes. Error detail: G1 virtual space
# Possible reasons:
#   The system is out of physical RAM or swap space
#   This process is running with CompressedOops enabled, and the Java Heap may be blocking the growth of the native heap
# Possible solutions:
#   Reduce memory load on the system
#   Increase physical memory or swap space
#   Check if swap backing store is full
#   Decrease Java heap size (-Xmx/-Xms)
#   Decrease number of Java threads
#   Decrease Java thread stack sizes (-Xss)
#   Set larger code cache with -XX:ReservedCodeCacheSize=
#   JVM is running with Zero Based Compressed Oops mode in which the Java heap is
#     placed in the first 32GB address space. The Java Heap base address is the
#     maximum limit for the native heap growth. Please use -XX:HeapBaseMinAddress
#     to set the Java Heap base and to place the Java Heap above 32GB virtual address.
# This output file may be truncated or incomplete.
#
#  Out of Memory Error (os_windows.cpp:3631), pid=12848, tid=18640
#
# JRE version: OpenJDK Runtime Environment Corretto-22.0.2.9.1 (22.0.2+9) (build 22.0.2+9-FR)
# Java VM: OpenJDK 64-Bit Server VM Corretto-22.0.2.9.1 (22.0.2+9-FR, mixed mode, sharing, tiered, compressed oops, compressed class ptrs, g1 gc, windows-amd64)
# No core dump will be written. Minidumps are not enabled by default on client versions of Windows
#

---------------  S U M M A R Y ------------

Command Line: -javaagent:C:\Program Files\JetBrains\IntelliJ IDEA 2025.1\lib\idea_rt.jar=57359 -Dfile.encoding=UTF-8 -Dsun.stdout.encoding=UTF-8 -Dsun.stderr.encoding=UTF-8 com.example.client.Launcher

Host: 11th Gen Intel(R) Core(TM) i5-11320H @ 3.20GHz, 8 cores, 15G,  Windows 11 , 64 bit Build 22621 (10.0.22621.5415)
Time: Thu Dec 11 12:51:37 2025 SE Asia Standard Time elapsed time: 9.592332 seconds (0d 0h 0m 9s)

---------------  T H R E A D  ---------------

Current thread (0x000002408d1f7a80):  JavaThread "Thread-10"        [_thread_in_vm, id=18640, stack(0x000000e01fa00000,0x000000e01fb00000) (1024K)]

Stack: [0x000000e01fa00000,0x000000e01fb00000]
Native frames: (J=compiled Java code, j=interpreted, Vv=VM code, C=native code)
V  [jvm.dll+0x6f7bb9]  (no source info available)
V  [jvm.dll+0x8dc245]  (no source info available)
V  [jvm.dll+0x8de4ae]  (no source info available)
V  [jvm.dll+0x8deb93]  (no source info available)
V  [jvm.dll+0x28d336]  (no source info available)
V  [jvm.dll+0x6f4295]  (no source info available)
V  [jvm.dll+0x6e899a]  (no source info available)
V  [jvm.dll+0x369e6b]  (no source info available)
V  [jvm.dll+0x372386]  (no source info available)
V  [jvm.dll+0x3c48fb]  (no source info available)
V  [jvm.dll+0x3c4fb4]  (no source info available)
V  [jvm.dll+0x3c4b06]  (no source info available)
V  [jvm.dll+0x33cda4]  (no source info available)
V  [jvm.dll+0x33af9f]  (no source info available)
V  [jvm.dll+0x68663b]  (no source info available)
V  [jvm.dll+0x24a102]  (no source info available)
V  [jvm.dll+0x89f927]  (no source info available)
V  [jvm.dll+0x3eda7c]  (no source info available)
C  0x000002403695b5d4  (no source info available)

The last pc belongs to newarray (printed below).
Java frames: (J=compiled Java code, j=interpreted, Vv=VM code)
j  com.sun.javafx.iio.jpeg.JPEGImageLoader.load(IIIZZ)Lcom/sun/javafx/iio/ImageFrame;+184
j  com.sun.javafx.iio.ImageStorage.loadAll(Lcom/sun/javafx/iio/ImageLoader;DDZFZ)[Lcom/sun/javafx/iio/ImageFrame;+55
j  com.sun.javafx.iio.ImageStorage.loadAll(Ljava/io/InputStream;Lcom/sun/javafx/iio/ImageLoadListener;DDZFZ)[Lcom/sun/javafx/iio/ImageFrame;+49
j  com.sun.javafx.tk.quantum.PrismImageLoader2.loadAll(Ljava/io/InputStream;DDZZ)V+24
j  com.sun.javafx.tk.quantum.PrismImageLoader2.<init>(Ljava/io/InputStream;DDZZ)V+13
j  com.sun.javafx.tk.quantum.QuantumToolkit.loadImage(Ljava/io/InputStream;DDZZ)Lcom/sun/javafx/tk/ImageLoader;+12
j  javafx.scene.image.Image.loadImage(Ljava/io/InputStream;DDZZ)Lcom/sun/javafx/tk/ImageLoader;+10
j  javafx.scene.image.Image.initialize(Ljava/lang/Object;)V+65
j  javafx.scene.image.Image.<init>(Ljava/io/InputStream;)V+16
j  com.example.client.controller.ChatManager.lambda$switchChat$3(Lcom/example/common/dto/UserDTO;)V+29
j  com.example.client.controller.ChatManager$$Lambda+0x0000024048378e68.run()V+8
j  java.lang.Thread.runWith(Ljava/lang/Object;Ljava/lang/Runnable;)V+5 java.base@22.0.2
j  java.lang.Thread.run()V+19 java.base@22.0.2
v  ~StubRoutines::call_stub 0x000002403694100d
newarray  188 newarray  [0x000002403695b580, 0x000002403695b658]  216 bytes
[MachCode]
  0x000002403695b580: 8b04 2448 | 83c4 0841 | 0fb6 5501 | e805 0000 | 00e9 ab00 | 0000 4c8b | c048 8d44 | 2408 4c89 
  0x000002403695b5a0: 6dc0 498b | cfc5 f877 | 4989 afb0 | 0300 0049 | 8987 a003 | 0000 4883 | ec20 40f6 | c40f 0f84 
  0x000002403695b5c0: 1900 0000 | 4883 ec08 | 48b8 50da | 32f5 fb7f | 0000 ffd0 | 4883 c408 | e90c 0000 | 0048 b850 
  0x000002403695b5e0: da32 f5fb | 7f00 00ff | d048 83c4 | 2049 c787 | a003 0000 | 0000 0000 | 49c7 87b0 | 0300 0000 
  0x000002403695b600: 0000 0049 | c787 a803 | 0000 0000 | 0000 c5f8 | 7749 837f | 0800 0f84 | 0500 0000 | e9df 58fe 
  0x000002403695b620: ff49 8b87 | f803 0000 | 49c7 87f8 | 0300 0000 | 0000 004c | 8b6d c04c | 8b75 c84e | 8d74 f500 
  0x000002403695b640: c341 0fb6 | 5d02 4983 | c502 49ba | 303d c4f5 | fb7f 0000 | 41ff 24da 
[/MachCode]

---------------  P R O C E S S  ---------------

Threads class SMR info:
_java_thread_list=0x0000024094337530, length=30, elements={
0x00000240256a4da0, 0x00000240460cc190, 0x00000240460cd0b0, 0x0000024046968f40,
0x000002404696bba0, 0x000002404696c6f0, 0x000002404696d370, 0x00000240469795b0,
0x000002404697a280, 0x0000024046a6b120, 0x0000024046bc2a60, 0x0000024046cb4bb0,
0x0000024046cd7fd0, 0x0000024046cd6c20, 0x0000024046cd72b0, 0x0000024046cd7940,
0x0000024046cd5f00, 0x0000024046cd8660, 0x0000024046cd6590, 0x0000024046cd8cf0,
0x000002408d1f9b50, 0x000002408d1f5320, 0x000002408d1f8e30, 0x000002408d1f6d60,
0x000002408d1f4c90, 0x000002408d1faf00, 0x000002408d1f66d0, 0x000002408d1f73f0,
0x000002408d1fbc20, 0x000002408d1f7a80
}

Java Threads: ( => current thread )
  0x00000240256a4da0 JavaThread "main"                              [_thread_blocked, id=3424, stack(0x000000e01cc00000,0x000000e01cd00000) (1024K)]
  0x00000240460cc190 JavaThread "Reference Handler"          daemon [_thread_blocked, id=2520, stack(0x000000e01d400000,0x000000e01d500000) (1024K)]
  0x00000240460cd0b0 JavaThread "Finalizer"                  daemon [_thread_blocked, id=11816, stack(0x000000e01d500000,0x000000e01d600000) (1024K)]
  0x0000024046968f40 JavaThread "Signal Dispatcher"          daemon [_thread_blocked, id=15896, stack(0x000000e01d600000,0x000000e01d700000) (1024K)]
  0x000002404696bba0 JavaThread "Attach Listener"            daemon [_thread_blocked, id=19880, stack(0x000000e01d700000,0x000000e01d800000) (1024K)]
  0x000002404696c6f0 JavaThread "Service Thread"             daemon [_thread_blocked, id=17924, stack(0x000000e01d800000,0x000000e01d900000) (1024K)]
  0x000002404696d370 JavaThread "Monitor Deflation Thread"   daemon [_thread_blocked, id=11776, stack(0x000000e01d900000,0x000000e01da00000) (1024K)]
  0x00000240469795b0 JavaThread "C2 CompilerThread0"         daemon [_thread_blocked, id=13744, stack(0x000000e01da00000,0x000000e01db00000) (1024K)]
  0x000002404697a280 JavaThread "C1 CompilerThread0"         daemon [_thread_blocked, id=8596, stack(0x000000e01db00000,0x000000e01dc00000) (1024K)]
  0x0000024046a6b120 JavaThread "Common-Cleaner"             daemon [_thread_blocked, id=12048, stack(0x000000e01dc00000,0x000000e01dd00000) (1024K)]
  0x0000024046bc2a60 JavaThread "Monitor Ctrl-Break"         daemon [_thread_in_native, id=20412, stack(0x000000e01dd00000,0x000000e01de00000) (1024K)]
  0x0000024046cb4bb0 JavaThread "Notification Thread"        daemon [_thread_blocked, id=11756, stack(0x000000e01de00000,0x000000e01df00000) (1024K)]
  0x0000024046cd7fd0 JavaThread "JavaFX-Launcher"                   [_thread_blocked, id=15240, stack(0x000000e01df00000,0x000000e01e000000) (1024K)]
  0x0000024046cd6c20 JavaThread "RMI TCP Accept-0"           daemon [_thread_in_native, id=11132, stack(0x000000e01e100000,0x000000e01e200000) (1024K)]
  0x0000024046cd72b0 JavaThread "RMI TCP Connection(1)-192.168.1.5" daemon [_thread_in_native, id=12732, stack(0x000000e01e200000,0x000000e01e300000) (1024K)]
  0x0000024046cd7940 JavaThread "RMI Scheduler(0)"           daemon [_thread_blocked, id=22044, stack(0x000000e01e300000,0x000000e01e400000) (1024K)]
  0x0000024046cd5f00 JavaThread "JMX server connection timeout 27" daemon [_thread_blocked, id=2496, stack(0x000000e01e400000,0x000000e01e500000) (1024K)]
  0x0000024046cd8660 JavaThread "QuantumRenderer-0"          daemon [_thread_blocked, id=4852, stack(0x000000e01e500000,0x000000e01e600000) (1024K)]
  0x0000024046cd6590 JavaThread "InvokeLaterDispatcher"      daemon [_thread_blocked, id=20636, stack(0x000000e01e600000,0x000000e01e700000) (1024K)]
  0x0000024046cd8cf0 JavaThread "JavaFX Application Thread"         [_thread_in_native, id=18604, stack(0x000000e01e700000,0x000000e01e800000) (1024K)]
  0x000002408d1f9b50 JavaThread "Thread-2"                   daemon [_thread_in_native, id=13516, stack(0x000000e01f200000,0x000000e01f300000) (1024K)]
  0x000002408d1f5320 JavaThread "RMI RenewClean-[localhost:53955]" daemon [_thread_blocked, id=22092, stack(0x000000e01f300000,0x000000e01f400000) (1024K)]
  0x000002408d1f8e30 JavaThread "RMI GC Daemon"              daemon [_thread_blocked, id=22112, stack(0x000000e01f400000,0x000000e01f500000) (1024K)]
  0x000002408d1f6d60 JavaThread "Prism Font Disposer"        daemon [_thread_blocked, id=20504, stack(0x000000e01f800000,0x000000e01f900000) (1024K)]
  0x000002408d1f4c90 JavaThread "Cleaner-0"                  daemon [_thread_blocked, id=19248, stack(0x000000e01f900000,0x000000e01fa00000) (1024K)]
  0x000002408d1faf00 JavaThread "Thread-4"                          [_thread_in_native, id=2268, stack(0x000000e01fc00000,0x000000e01fd00000) (1024K)]
  0x000002408d1f66d0 JavaThread "RMI TCP Accept-0"           daemon [_thread_in_native, id=11836, stack(0x000000e01fe00000,0x000000e01ff00000) (1024K)]
  0x000002408d1f73f0 JavaThread "RMI Reaper"                        [_thread_blocked, id=4384, stack(0x000000e01ff00000,0x000000e020000000) (1024K)]
  0x000002408d1fbc20 JavaThread "RMI TCP Connection(2)-192.168.1.5" daemon [_thread_in_native, id=15400, stack(0x000000e020000000,0x000000e020100000) (1024K)]
=>0x000002408d1f7a80 JavaThread "Thread-10"                         [_thread_in_vm, id=18640, stack(0x000000e01fa00000,0x000000e01fb00000) (1024K)]
Total: 30

Other Threads:
  0x00000240460b4540 VMThread "VM Thread"                           [id=3212, stack(0x000000e01d300000,0x000000e01d400000) (1024K)]
  0x0000024046097e40 WatcherThread "VM Periodic Task Thread"        [id=16636, stack(0x000000e01d200000,0x000000e01d300000) (1024K)]
  0x000002402570c7f0 WorkerThread "GC Thread#0"                     [id=1808, stack(0x000000e01cd00000,0x000000e01ce00000) (1024K)]
  0x00000240460b4ca0 WorkerThread "GC Thread#1"                     [id=15740, stack(0x000000e01eb00000,0x000000e01ec00000) (1024K)]
  0x00000240460b5400 WorkerThread "GC Thread#2"                     [id=5764, stack(0x000000e01ec00000,0x000000e01ed00000) (1024K)]
  0x000002408d1efea0 WorkerThread "GC Thread#3"                     [id=904, stack(0x000000e01ed00000,0x000000e01ee00000) (1024K)]
  0x000002408d1ee4d0 WorkerThread "GC Thread#4"                     [id=8336, stack(0x000000e01ee00000,0x000000e01ef00000) (1024K)]
  0x000002408d1eefe0 WorkerThread "GC Thread#5"                     [id=21596, stack(0x000000e01ef00000,0x000000e01f000000) (1024K)]
  0x000002408d1eec30 WorkerThread "GC Thread#6"                     [id=10576, stack(0x000000e01f000000,0x000000e01f100000) (1024K)]
  0x000002408d1ef390 WorkerThread "GC Thread#7"                     [id=18352, stack(0x000000e01f100000,0x000000e01f200000) (1024K)]
  0x000002402575b010 ConcurrentGCThread "G1 Main Marker"            [id=8840, stack(0x000000e01ce00000,0x000000e01cf00000) (1024K)]
  0x000002402575c2c0 WorkerThread "G1 Conc#0"                       [id=14032, stack(0x000000e01cf00000,0x000000e01d000000) (1024K)]
  0x000002408d1ef740 WorkerThread "G1 Conc#1"                       [id=17156, stack(0x000000e01e000000,0x000000e01e100000) (1024K)]
  0x0000024045f65d90 ConcurrentGCThread "G1 Refine#0"               [id=21084, stack(0x000000e01d000000,0x000000e01d100000) (1024K)]
  0x0000024045f66910 ConcurrentGCThread "G1 Service"                [id=13600, stack(0x000000e01d100000,0x000000e01d200000) (1024K)]
Total: 15

Threads with active compile tasks:
Total: 0

VM state: not at safepoint (normal execution)

VM Mutex/Monitor currently owned by a thread:  ([mutex/lock_event])
[0x00007ffbf5c30010] Heap_lock - owner thread: 0x000002408d1f7a80

Heap address: 0x0000000704000000, size: 4032 MB, Compressed Oops mode: Zero based, Oop shift amount: 3

CDS archive(s) mapped at: [0x0000024047000000-0x0000024047c60000-0x0000024047c60000), size 12976128, SharedBaseAddress: 0x0000024047000000, ArchiveRelocationMode: 1.
Compressed class space mapped at: 0x0000024048000000-0x0000024088000000, reserved size: 1073741824
Narrow klass base: 0x0000024047000000, Narrow klass shift: 0, Narrow klass range: 0x41000000

GC Precious Log:
 CardTable entry size: 512
 Card Set container configuration: InlinePtr #cards 4 size 8 Array Of Cards #cards 16 size 48 Howl #buckets 8 coarsen threshold 3686 Howl Bitmap #cards 512 size 80 coarsen threshold 460 Card regions per heap region 1 cards per card region 4096
 CPUs: 8 total, 8 available
 Memory: 16126M
 Large Page Support: Disabled
 NUMA Support: Disabled
 Compressed Oops: Enabled (Zero based)
 Heap Region Size: 2M
 Heap Min Capacity: 8M
 Heap Initial Capacity: 252M
 Heap Max Capacity: 4032M
 Pre-touch: Disabled
 Parallel Workers: 8
 Concurrent Workers: 2
 Concurrent Refinement Workers: 8
 Periodic GC: Disabled

Heap:
 garbage-first heap   total reserved 4128768K, committed 505856K, used 502989K [0x0000000704000000, 0x0000000800000000)
  region size 2048K, 10 young (20480K), 1 survivors (2048K)
 Metaspace       used 22898K, committed 23296K, reserved 1114112K
  class space    used 3330K, committed 3520K, reserved 1048576K

Heap Regions: E=young(eden), S=young(survivor), O=old, HS=humongous(starts), HC=humongous(continues), CS=collection set, F=free, TAMS=top-at-mark-start, PB=parsable bottom
|   0|0x0000000704000000, 0x0000000704200000, 0x0000000704200000|100%| O|  |TAMS 0x0000000704000000| PB 0x0000000704000000| Untracked |  0
|   1|0x0000000704200000, 0x0000000704400000, 0x0000000704400000|100%| O|  |TAMS 0x0000000704200000| PB 0x0000000704200000| Untracked |  0
|   2|0x0000000704400000, 0x0000000704600000, 0x0000000704600000|100%| O|  |TAMS 0x0000000704400000| PB 0x0000000704400000| Untracked |  0
|   3|0x0000000704600000, 0x0000000704800000, 0x0000000704800000|100%|HS|  |TAMS 0x0000000704600000| PB 0x0000000704600000| Complete |  0
|   4|0x0000000704800000, 0x0000000704a00000, 0x0000000704a00000|100%| O|  |TAMS 0x0000000704800000| PB 0x0000000704800000| Untracked |  1
|   5|0x0000000704a00000, 0x0000000704c00000, 0x0000000704c00000|100%| O|  |TAMS 0x0000000704a00000| PB 0x0000000704a00000| Untracked |  0
|   6|0x0000000704c00000, 0x0000000704d07a80, 0x0000000704e00000| 51%| O|Cm|TAMS 0x0000000704c00000| PB 0x0000000704c00000| Complete |  0
|   7|0x0000000704e00000, 0x0000000705000000, 0x0000000705000000|100%|HS|  |TAMS 0x0000000704e00000| PB 0x0000000704e00000| Complete |  0
|   8|0x0000000705000000, 0x0000000705200000, 0x0000000705200000|100%|HS|  |TAMS 0x0000000705000000| PB 0x0000000705000000| Complete |  0
|   9|0x0000000705200000, 0x0000000705400000, 0x0000000705400000|100%|HC|  |TAMS 0x0000000705200000| PB 0x0000000705200000| Complete |  0
|  10|0x0000000705400000, 0x0000000705600000, 0x0000000705600000|100%|HC|  |TAMS 0x0000000705400000| PB 0x0000000705400000| Complete |  0
|  11|0x0000000705600000, 0x0000000705800000, 0x0000000705800000|100%|HS|  |TAMS 0x0000000705600000| PB 0x0000000705600000| Complete |  0
|  12|0x0000000705800000, 0x0000000705a00000, 0x0000000705a00000|100%|HC|  |TAMS 0x0000000705800000| PB 0x0000000705800000| Complete |  0
|  13|0x0000000705a00000, 0x0000000705c00000, 0x0000000705c00000|100%|HC|  |TAMS 0x0000000705a00000| PB 0x0000000705a00000| Complete |  0
|  14|0x0000000705c00000, 0x0000000705e00000, 0x0000000705e00000|100%|HS|  |TAMS 0x0000000705c00000| PB 0x0000000705c00000| Complete |  0
|  15|0x0000000705e00000, 0x0000000706000000, 0x0000000706000000|100%|HC|  |TAMS 0x0000000705e00000| PB 0x0000000705e00000| Complete |  0
|  16|0x0000000706000000, 0x0000000706200000, 0x0000000706200000|100%|HC|  |TAMS 0x0000000706000000| PB 0x0000000706000000| Complete |  0
|  17|0x0000000706200000, 0x0000000706348958, 0x0000000706400000| 64%| E|  |TAMS 0x0000000706200000| PB 0x0000000706200000| Complete |  0
|  18|0x0000000706400000, 0x0000000706600000, 0x0000000706600000|100%| E|CS|TAMS 0x0000000706400000| PB 0x0000000706400000| Complete |  0
|  19|0x0000000706600000, 0x0000000706800000, 0x0000000706800000|100%| E|CS|TAMS 0x0000000706600000| PB 0x0000000706600000| Complete |  0
|  20|0x0000000706800000, 0x0000000706a00000, 0x0000000706a00000|100%| E|CS|TAMS 0x0000000706800000| PB 0x0000000706800000| Complete |  0
|  21|0x0000000706a00000, 0x0000000706c00000, 0x0000000706c00000|100%| E|CS|TAMS 0x0000000706a00000| PB 0x0000000706a00000| Complete |  0
|  22|0x0000000706c00000, 0x0000000706e00000, 0x0000000706e00000|100%| E|CS|TAMS 0x0000000706c00000| PB 0x0000000706c00000| Complete |  0
|  23|0x0000000706e00000, 0x0000000707000000, 0x0000000707000000|100%| E|CS|TAMS 0x0000000706e00000| PB 0x0000000706e00000| Complete |  0
|  24|0x0000000707000000, 0x0000000707200000, 0x0000000707200000|100%| E|CS|TAMS 0x0000000707000000| PB 0x0000000707000000| Complete |  0
|  25|0x0000000707200000, 0x0000000707400000, 0x0000000707400000|100%|HS|  |TAMS 0x0000000707200000| PB 0x0000000707200000| Complete |  0
|  26|0x0000000707400000, 0x0000000707600000, 0x0000000707600000|100%|HC|  |TAMS 0x0000000707400000| PB 0x0000000707400000| Complete |  0
|  27|0x0000000707600000, 0x0000000707800000, 0x0000000707800000|100%|HC|  |TAMS 0x0000000707600000| PB 0x0000000707600000| Complete |  0
|  28|0x0000000707800000, 0x0000000707a00000, 0x0000000707a00000|100%|HC|  |TAMS 0x0000000707800000| PB 0x0000000707800000| Complete |  0
|  29|0x0000000707a00000, 0x0000000707c00000, 0x0000000707c00000|100%|HC|  |TAMS 0x0000000707a00000| PB 0x0000000707a00000| Complete |  0
|  30|0x0000000707c00000, 0x0000000707e00000, 0x0000000707e00000|100%|HC|  |TAMS 0x0000000707c00000| PB 0x0000000707c00000| Complete |  0
|  31|0x0000000707e00000, 0x0000000708000000, 0x0000000708000000|100%|HC|  |TAMS 0x0000000707e00000| PB 0x0000000707e00000| Complete |  0
|  32|0x0000000708000000, 0x0000000708200000, 0x0000000708200000|100%|HC|  |TAMS 0x0000000708000000| PB 0x0000000708000000| Complete |  0
|  33|0x0000000708200000, 0x0000000708400000, 0x0000000708400000|100%|HC|  |TAMS 0x0000000708200000| PB 0x0000000708200000| Complete |  0
|  34|0x0000000708400000, 0x0000000708600000, 0x0000000708600000|100%|HC|  |TAMS 0x0000000708400000| PB 0x0000000708400000| Complete |  0
|  35|0x0000000708600000, 0x0000000708800000, 0x0000000708800000|100%|HC|  |TAMS 0x0000000708600000| PB 0x0000000708600000| Complete |  0
|  36|0x0000000708800000, 0x0000000708a00000, 0x0000000708a00000|100%|HC|  |TAMS 0x0000000708800000| PB 0x0000000708800000| Complete |  0
|  37|0x0000000708a00000, 0x0000000708c00000, 0x0000000708c00000|100%|HC|  |TAMS 0x0000000708a00000| PB 0x0000000708a00000| Complete |  0
|  38|0x0000000708c00000, 0x0000000708e00000, 0x0000000708e00000|100%|HC|  |TAMS 0x0000000708c00000| PB 0x0000000708c00000| Complete |  0
|  39|0x0000000708e00000, 0x0000000709000000, 0x0000000709000000|100%|HC|  |TAMS 0x0000000708e00000| PB 0x0000000708e00000| Complete |  0
|  40|0x0000000709000000, 0x0000000709200000, 0x0000000709200000|100%|HC|  |TAMS 0x0000000709000000| PB 0x0000000709000000| Complete |  0
|  41|0x0000000709200000, 0x0000000709400000, 0x0000000709400000|100%|HC|  |TAMS 0x0000000709200000| PB 0x0000000709200000| Complete |  0
|  42|0x0000000709400000, 0x0000000709600000, 0x0000000709600000|100%|HC|  |TAMS 0x0000000709400000| PB 0x0000000709400000| Complete |  0
|  43|0x0000000709600000, 0x0000000709800000, 0x0000000709800000|100%|HS|  |TAMS 0x0000000709600000| PB 0x0000000709600000| Complete |  0
|  44|0x0000000709800000, 0x0000000709a00000, 0x0000000709a00000|100%|HC|  |TAMS 0x0000000709800000| PB 0x0000000709800000| Complete |  0
|  45|0x0000000709a00000, 0x0000000709c00000, 0x0000000709c00000|100%|HC|  |TAMS 0x0000000709a00000| PB 0x0000000709a00000| Complete |  0
|  46|0x0000000709c00000, 0x0000000709e00000, 0x0000000709e00000|100%|HC|  |TAMS 0x0000000709c00000| PB 0x0000000709c00000| Complete |  0
|  47|0x0000000709e00000, 0x000000070a000000, 0x000000070a000000|100%|HC|  |TAMS 0x0000000709e00000| PB 0x0000000709e00000| Complete |  0
|  48|0x000000070a000000, 0x000000070a200000, 0x000000070a200000|100%|HC|  |TAMS 0x000000070a000000| PB 0x000000070a000000| Complete |  0
|  49|0x000000070a200000, 0x000000070a400000, 0x000000070a400000|100%|HC|  |TAMS 0x000000070a200000| PB 0x000000070a200000| Complete |  0
|  50|0x000000070a400000, 0x000000070a600000, 0x000000070a600000|100%|HC|  |TAMS 0x000000070a400000| PB 0x000000070a400000| Complete |  0
|  51|0x000000070a600000, 0x000000070a800000, 0x000000070a800000|100%|HC|  |TAMS 0x000000070a600000| PB 0x000000070a600000| Complete |  0
|  52|0x000000070a800000, 0x000000070aa00000, 0x000000070aa00000|100%|HC|  |TAMS 0x000000070a800000| PB 0x000000070a800000| Complete |  0
|  53|0x000000070aa00000, 0x000000070ac00000, 0x000000070ac00000|100%|HC|  |TAMS 0x000000070aa00000| PB 0x000000070aa00000| Complete |  0
|  54|0x000000070ac00000, 0x000000070ae00000, 0x000000070ae00000|100%|HC|  |TAMS 0x000000070ac00000| PB 0x000000070ac00000| Complete |  0
|  55|0x000000070ae00000, 0x000000070b000000, 0x000000070b000000|100%|HC|  |TAMS 0x000000070ae00000| PB 0x000000070ae00000| Complete |  0
|  56|0x000000070b000000, 0x000000070b200000, 0x000000070b200000|100%|HC|  |TAMS 0x000000070b000000| PB 0x000000070b000000| Complete |  0
|  57|0x000000070b200000, 0x000000070b400000, 0x000000070b400000|100%|HC|  |TAMS 0x000000070b200000| PB 0x000000070b200000| Complete |  0
|  58|0x000000070b400000, 0x000000070b600000, 0x000000070b600000|100%|HC|  |TAMS 0x000000070b400000| PB 0x000000070b400000| Complete |  0
|  59|0x000000070b600000, 0x000000070b800000, 0x000000070b800000|100%|HC|  |TAMS 0x000000070b600000| PB 0x000000070b600000| Complete |  0
|  60|0x000000070b800000, 0x000000070ba00000, 0x000000070ba00000|100%|HC|  |TAMS 0x000000070b800000| PB 0x000000070b800000| Complete |  0
|  61|0x000000070ba00000, 0x000000070bc00000, 0x000000070bc00000|100%|HC|  |TAMS 0x000000070ba00000| PB 0x000000070ba00000| Complete |  0
|  62|0x000000070bc00000, 0x000000070be00000, 0x000000070be00000|100%|HC|  |TAMS 0x000000070bc00000| PB 0x000000070bc00000| Complete |  0
|  63|0x000000070be00000, 0x000000070c000000, 0x000000070c000000|100%|HC|  |TAMS 0x000000070be00000| PB 0x000000070be00000| Complete |  0
|  64|0x000000070c000000, 0x000000070c200000, 0x000000070c200000|100%|HC|  |TAMS 0x000000070c000000| PB 0x000000070c000000| Complete |  0
|  65|0x000000070c200000, 0x000000070c400000, 0x000000070c400000|100%|HC|  |TAMS 0x000000070c200000| PB 0x000000070c200000| Complete |  0
|  66|0x000000070c400000, 0x000000070c600000, 0x000000070c600000|100%|HC|  |TAMS 0x000000070c400000| PB 0x000000070c400000| Complete |  0
|  67|0x000000070c600000, 0x000000070c800000, 0x000000070c800000|100%|HC|  |TAMS 0x000000070c600000| PB 0x000000070c600000| Complete |  0
|  68|0x000000070c800000, 0x000000070ca00000, 0x000000070ca00000|100%|HC|  |TAMS 0x000000070c800000| PB 0x000000070c800000| Complete |  0
|  69|0x000000070ca00000, 0x000000070cc00000, 0x000000070cc00000|100%|HC|  |TAMS 0x000000070ca00000| PB 0x000000070ca00000| Complete |  0
|  70|0x000000070cc00000, 0x000000070ce00000, 0x000000070ce00000|100%|HC|  |TAMS 0x000000070cc00000| PB 0x000000070cc00000| Complete |  0
|  71|0x000000070ce00000, 0x000000070d000000, 0x000000070d000000|100%|HC|  |TAMS 0x000000070ce00000| PB 0x000000070ce00000| Complete |  0
|  72|0x000000070d000000, 0x000000070d200000, 0x000000070d200000|100%|HC|  |TAMS 0x000000070d000000| PB 0x000000070d000000| Complete |  0
|  73|0x000000070d200000, 0x000000070d400000, 0x000000070d400000|100%|HC|  |TAMS 0x000000070d200000| PB 0x000000070d200000| Complete |  0
|  74|0x000000070d400000, 0x000000070d600000, 0x000000070d600000|100%|HC|  |TAMS 0x000000070d400000| PB 0x000000070d400000| Complete |  0
|  75|0x000000070d600000, 0x000000070d800000, 0x000000070d800000|100%|HC|  |TAMS 0x000000070d600000| PB 0x000000070d600000| Complete |  0
|  76|0x000000070d800000, 0x000000070da00000, 0x000000070da00000|100%|HC|  |TAMS 0x000000070d800000| PB 0x000000070d800000| Complete |  0
|  77|0x000000070da00000, 0x000000070dc00000, 0x000000070dc00000|100%|HC|  |TAMS 0x000000070da00000| PB 0x000000070da00000| Complete |  0
|  78|0x000000070dc00000, 0x000000070de00000, 0x000000070de00000|100%|HC|  |TAMS 0x000000070dc00000| PB 0x000000070dc00000| Complete |  0
|  79|0x000000070de00000, 0x000000070e000000, 0x000000070e000000|100%|HC|  |TAMS 0x000000070de00000| PB 0x000000070de00000| Complete |  0
|  80|0x000000070e000000, 0x000000070e200000, 0x000000070e200000|100%|HC|  |TAMS 0x000000070e000000| PB 0x000000070e000000| Complete |  0
|  81|0x000000070e200000, 0x000000070e400000, 0x000000070e400000|100%|HC|  |TAMS 0x000000070e200000| PB 0x000000070e200000| Complete |  0
|  82|0x000000070e400000, 0x000000070e600000, 0x000000070e600000|100%|HC|  |TAMS 0x000000070e400000| PB 0x000000070e400000| Complete |  0
|  83|0x000000070e600000, 0x000000070e800000, 0x000000070e800000|100%|HC|  |TAMS 0x000000070e600000| PB 0x000000070e600000| Complete |  0
|  84|0x000000070e800000, 0x000000070ea00000, 0x000000070ea00000|100%|HC|  |TAMS 0x000000070e800000| PB 0x000000070e800000| Complete |  0
|  85|0x000000070ea00000, 0x000000070ec00000, 0x000000070ec00000|100%|HC|  |TAMS 0x000000070ea00000| PB 0x000000070ea00000| Complete |  0
|  86|0x000000070ec00000, 0x000000070ee00000, 0x000000070ee00000|100%|HC|  |TAMS 0x000000070ec00000| PB 0x000000070ec00000| Complete |  0
|  87|0x000000070ee00000, 0x000000070f000000, 0x000000070f000000|100%|HC|  |TAMS 0x000000070ee00000| PB 0x000000070ee00000| Complete |  0
|  88|0x000000070f000000, 0x000000070f200000, 0x000000070f200000|100%|HC|  |TAMS 0x000000070f000000| PB 0x000000070f000000| Complete |  0
|  89|0x000000070f200000, 0x000000070f400000, 0x000000070f400000|100%|HC|  |TAMS 0x000000070f200000| PB 0x000000070f200000| Complete |  0
|  90|0x000000070f400000, 0x000000070f600000, 0x000000070f600000|100%|HC|  |TAMS 0x000000070f400000| PB 0x000000070f400000| Complete |  0
|  91|0x000000070f600000, 0x000000070f800000, 0x000000070f800000|100%|HC|  |TAMS 0x000000070f600000| PB 0x000000070f600000| Complete |  0
|  92|0x000000070f800000, 0x000000070fa00000, 0x000000070fa00000|100%|HC|  |TAMS 0x000000070f800000| PB 0x000000070f800000| Complete |  0
|  93|0x000000070fa00000, 0x000000070fc00000, 0x000000070fc00000|100%|HS|  |TAMS 0x000000070fa00000| PB 0x000000070fa00000| Complete |  0
|  94|0x000000070fc00000, 0x000000070fe00000, 0x000000070fe00000|100%|HC|  |TAMS 0x000000070fc00000| PB 0x000000070fc00000| Complete |  0
|  95|0x000000070fe00000, 0x0000000710000000, 0x0000000710000000|100%|HC|  |TAMS 0x000000070fe00000| PB 0x000000070fe00000| Complete |  0
|  96|0x0000000710000000, 0x0000000710200000, 0x0000000710200000|100%|HS|  |TAMS 0x0000000710000000| PB 0x0000000710000000| Complete |  0
|  97|0x0000000710200000, 0x0000000710400000, 0x0000000710400000|100%|HC|  |TAMS 0x0000000710200000| PB 0x0000000710200000| Complete |  0
|  98|0x0000000710400000, 0x0000000710600000, 0x0000000710600000|100%|HC|  |TAMS 0x0000000710400000| PB 0x0000000710400000| Complete |  0
| 122|0x0000000713400000, 0x00000007134e33a0, 0x0000000713600000| 44%| S|CS|TAMS 0x0000000713400000| PB 0x0000000713400000| Complete |  0
| 125|0x0000000713a00000, 0x0000000713c00000, 0x0000000713c00000|100%| E|CS|TAMS 0x0000000713a00000| PB 0x0000000713a00000| Complete |  0
| 126|0x0000000713c00000, 0x0000000713e00000, 0x0000000713e00000|100%|HS|  |TAMS 0x0000000713c00000| PB 0x0000000713c00000| Complete |  0
| 127|0x0000000713e00000, 0x0000000714000000, 0x0000000714000000|100%|HC|  |TAMS 0x0000000713e00000| PB 0x0000000713e00000| Complete |  0
| 128|0x0000000714000000, 0x0000000714200000, 0x0000000714200000|100%|HC|  |TAMS 0x0000000714000000| PB 0x0000000714000000| Complete |  0
| 129|0x0000000714200000, 0x0000000714400000, 0x0000000714400000|100%|HC|  |TAMS 0x0000000714200000| PB 0x0000000714200000| Complete |  0
| 130|0x0000000714400000, 0x0000000714600000, 0x0000000714600000|100%|HC|  |TAMS 0x0000000714400000| PB 0x0000000714400000| Complete |  0
| 131|0x0000000714600000, 0x0000000714800000, 0x0000000714800000|100%|HC|  |TAMS 0x0000000714600000| PB 0x0000000714600000| Complete |  0
| 132|0x0000000714800000, 0x0000000714a00000, 0x0000000714a00000|100%|HC|  |TAMS 0x0000000714800000| PB 0x0000000714800000| Complete |  0
| 133|0x0000000714a00000, 0x0000000714c00000, 0x0000000714c00000|100%|HC|  |TAMS 0x0000000714a00000| PB 0x0000000714a00000| Complete |  0
| 134|0x0000000714c00000, 0x0000000714e00000, 0x0000000714e00000|100%|HC|  |TAMS 0x0000000714c00000| PB 0x0000000714c00000| Complete |  0
| 135|0x0000000714e00000, 0x0000000715000000, 0x0000000715000000|100%|HC|  |TAMS 0x0000000714e00000| PB 0x0000000714e00000| Complete |  0
| 136|0x0000000715000000, 0x0000000715200000, 0x0000000715200000|100%|HC|  |TAMS 0x0000000715000000| PB 0x0000000715000000| Complete |  0
| 137|0x0000000715200000, 0x0000000715400000, 0x0000000715400000|100%|HC|  |TAMS 0x0000000715200000| PB 0x0000000715200000| Complete |  0
| 138|0x0000000715400000, 0x0000000715600000, 0x0000000715600000|100%|HC|  |TAMS 0x0000000715400000| PB 0x0000000715400000| Complete |  0
| 139|0x0000000715600000, 0x0000000715800000, 0x0000000715800000|100%|HC|  |TAMS 0x0000000715600000| PB 0x0000000715600000| Complete |  0
| 140|0x0000000715800000, 0x0000000715a00000, 0x0000000715a00000|100%|HC|  |TAMS 0x0000000715800000| PB 0x0000000715800000| Complete |  0
| 141|0x0000000715a00000, 0x0000000715c00000, 0x0000000715c00000|100%|HC|  |TAMS 0x0000000715a00000| PB 0x0000000715a00000| Complete |  0
| 142|0x0000000715c00000, 0x0000000715e00000, 0x0000000715e00000|100%|HC|  |TAMS 0x0000000715c00000| PB 0x0000000715c00000| Complete |  0
| 143|0x0000000715e00000, 0x0000000716000000, 0x0000000716000000|100%|HC|  |TAMS 0x0000000715e00000| PB 0x0000000715e00000| Complete |  0
| 144|0x0000000716000000, 0x0000000716200000, 0x0000000716200000|100%|HC|  |TAMS 0x0000000716000000| PB 0x0000000716000000| Complete |  0
| 145|0x0000000716200000, 0x0000000716400000, 0x0000000716400000|100%|HC|  |TAMS 0x0000000716200000| PB 0x0000000716200000| Complete |  0
| 146|0x0000000716400000, 0x0000000716600000, 0x0000000716600000|100%|HC|  |TAMS 0x0000000716400000| PB 0x0000000716400000| Complete |  0
| 147|0x0000000716600000, 0x0000000716800000, 0x0000000716800000|100%|HC|  |TAMS 0x0000000716600000| PB 0x0000000716600000| Complete |  0
| 148|0x0000000716800000, 0x0000000716a00000, 0x0000000716a00000|100%|HC|  |TAMS 0x0000000716800000| PB 0x0000000716800000| Complete |  0
| 149|0x0000000716a00000, 0x0000000716c00000, 0x0000000716c00000|100%|HC|  |TAMS 0x0000000716a00000| PB 0x0000000716a00000| Complete |  0
| 150|0x0000000716c00000, 0x0000000716e00000, 0x0000000716e00000|100%|HC|  |TAMS 0x0000000716c00000| PB 0x0000000716c00000| Complete |  0
| 151|0x0000000716e00000, 0x0000000717000000, 0x0000000717000000|100%|HC|  |TAMS 0x0000000716e00000| PB 0x0000000716e00000| Complete |  0
| 152|0x0000000717000000, 0x0000000717200000, 0x0000000717200000|100%|HC|  |TAMS 0x0000000717000000| PB 0x0000000717000000| Complete |  0
| 153|0x0000000717200000, 0x0000000717400000, 0x0000000717400000|100%|HC|  |TAMS 0x0000000717200000| PB 0x0000000717200000| Complete |  0
| 154|0x0000000717400000, 0x0000000717600000, 0x0000000717600000|100%|HC|  |TAMS 0x0000000717400000| PB 0x0000000717400000| Complete |  0
| 155|0x0000000717600000, 0x0000000717800000, 0x0000000717800000|100%|HC|  |TAMS 0x0000000717600000| PB 0x0000000717600000| Complete |  0
| 156|0x0000000717800000, 0x0000000717a00000, 0x0000000717a00000|100%|HC|  |TAMS 0x0000000717800000| PB 0x0000000717800000| Complete |  0
| 157|0x0000000717a00000, 0x0000000717c00000, 0x0000000717c00000|100%|HC|  |TAMS 0x0000000717a00000| PB 0x0000000717a00000| Complete |  0
| 158|0x0000000717c00000, 0x0000000717e00000, 0x0000000717e00000|100%|HC|  |TAMS 0x0000000717c00000| PB 0x0000000717c00000| Complete |  0
| 159|0x0000000717e00000, 0x0000000718000000, 0x0000000718000000|100%|HC|  |TAMS 0x0000000717e00000| PB 0x0000000717e00000| Complete |  0
| 160|0x0000000718000000, 0x0000000718200000, 0x0000000718200000|100%|HC|  |TAMS 0x0000000718000000| PB 0x0000000718000000| Complete |  0
| 161|0x0000000718200000, 0x0000000718400000, 0x0000000718400000|100%|HC|  |TAMS 0x0000000718200000| PB 0x0000000718200000| Complete |  0
| 162|0x0000000718400000, 0x0000000718600000, 0x0000000718600000|100%|HC|  |TAMS 0x0000000718400000| PB 0x0000000718400000| Complete |  0
| 163|0x0000000718600000, 0x0000000718800000, 0x0000000718800000|100%|HC|  |TAMS 0x0000000718600000| PB 0x0000000718600000| Complete |  0
| 164|0x0000000718800000, 0x0000000718a00000, 0x0000000718a00000|100%|HC|  |TAMS 0x0000000718800000| PB 0x0000000718800000| Complete |  0
| 165|0x0000000718a00000, 0x0000000718c00000, 0x0000000718c00000|100%|HC|  |TAMS 0x0000000718a00000| PB 0x0000000718a00000| Complete |  0
| 166|0x0000000718c00000, 0x0000000718e00000, 0x0000000718e00000|100%|HC|  |TAMS 0x0000000718c00000| PB 0x0000000718c00000| Complete |  0
| 167|0x0000000718e00000, 0x0000000719000000, 0x0000000719000000|100%|HC|  |TAMS 0x0000000718e00000| PB 0x0000000718e00000| Complete |  0
| 168|0x0000000719000000, 0x0000000719200000, 0x0000000719200000|100%|HC|  |TAMS 0x0000000719000000| PB 0x0000000719000000| Complete |  0
| 169|0x0000000719200000, 0x0000000719400000, 0x0000000719400000|100%|HC|  |TAMS 0x0000000719200000| PB 0x0000000719200000| Complete |  0
| 170|0x0000000719400000, 0x0000000719600000, 0x0000000719600000|100%|HC|  |TAMS 0x0000000719400000| PB 0x0000000719400000| Complete |  0
| 171|0x0000000719600000, 0x0000000719800000, 0x0000000719800000|100%|HC|  |TAMS 0x0000000719600000| PB 0x0000000719600000| Complete |  0
| 172|0x0000000719800000, 0x0000000719a00000, 0x0000000719a00000|100%|HC|  |TAMS 0x0000000719800000| PB 0x0000000719800000| Complete |  0
| 173|0x0000000719a00000, 0x0000000719c00000, 0x0000000719c00000|100%|HC|  |TAMS 0x0000000719a00000| PB 0x0000000719a00000| Complete |  0
| 174|0x0000000719c00000, 0x0000000719e00000, 0x0000000719e00000|100%|HS|  |TAMS 0x0000000719c00000| PB 0x0000000719c00000| Complete |  0
| 175|0x0000000719e00000, 0x000000071a000000, 0x000000071a000000|100%|HC|  |TAMS 0x0000000719e00000| PB 0x0000000719e00000| Complete |  0
| 176|0x000000071a000000, 0x000000071a200000, 0x000000071a200000|100%|HC|  |TAMS 0x000000071a000000| PB 0x000000071a000000| Complete |  0
| 177|0x000000071a200000, 0x000000071a400000, 0x000000071a400000|100%|HC|  |TAMS 0x000000071a200000| PB 0x000000071a200000| Complete |  0
| 178|0x000000071a400000, 0x000000071a600000, 0x000000071a600000|100%|HC|  |TAMS 0x000000071a400000| PB 0x000000071a400000| Complete |  0
| 179|0x000000071a600000, 0x000000071a800000, 0x000000071a800000|100%|HC|  |TAMS 0x000000071a600000| PB 0x000000071a600000| Complete |  0
| 180|0x000000071a800000, 0x000000071aa00000, 0x000000071aa00000|100%|HC|  |TAMS 0x000000071a800000| PB 0x000000071a800000| Complete |  0
| 181|0x000000071aa00000, 0x000000071ac00000, 0x000000071ac00000|100%|HC|  |TAMS 0x000000071aa00000| PB 0x000000071aa00000| Complete |  0
| 182|0x000000071ac00000, 0x000000071ae00000, 0x000000071ae00000|100%|HC|  |TAMS 0x000000071ac00000| PB 0x000000071ac00000| Complete |  0
| 183|0x000000071ae00000, 0x000000071b000000, 0x000000071b000000|100%|HC|  |TAMS 0x000000071ae00000| PB 0x000000071ae00000| Complete |  0
| 184|0x000000071b000000, 0x000000071b200000, 0x000000071b200000|100%|HC|  |TAMS 0x000000071b000000| PB 0x000000071b000000| Complete |  0
| 185|0x000000071b200000, 0x000000071b400000, 0x000000071b400000|100%|HC|  |TAMS 0x000000071b200000| PB 0x000000071b200000| Complete |  0
| 186|0x000000071b400000, 0x000000071b600000, 0x000000071b600000|100%|HC|  |TAMS 0x000000071b400000| PB 0x000000071b400000| Complete |  0
| 187|0x000000071b600000, 0x000000071b800000, 0x000000071b800000|100%|HC|  |TAMS 0x000000071b600000| PB 0x000000071b600000| Complete |  0
| 188|0x000000071b800000, 0x000000071ba00000, 0x000000071ba00000|100%|HC|  |TAMS 0x000000071b800000| PB 0x000000071b800000| Complete |  0
| 189|0x000000071ba00000, 0x000000071bc00000, 0x000000071bc00000|100%|HC|  |TAMS 0x000000071ba00000| PB 0x000000071ba00000| Complete |  0
| 190|0x000000071bc00000, 0x000000071be00000, 0x000000071be00000|100%|HC|  |TAMS 0x000000071bc00000| PB 0x000000071bc00000| Complete |  0
| 191|0x000000071be00000, 0x000000071c000000, 0x000000071c000000|100%|HC|  |TAMS 0x000000071be00000| PB 0x000000071be00000| Complete |  0
| 192|0x000000071c000000, 0x000000071c200000, 0x000000071c200000|100%|HC|  |TAMS 0x000000071c000000| PB 0x000000071c000000| Complete |  0
| 193|0x000000071c200000, 0x000000071c400000, 0x000000071c400000|100%|HC|  |TAMS 0x000000071c200000| PB 0x000000071c200000| Complete |  0
| 194|0x000000071c400000, 0x000000071c600000, 0x000000071c600000|100%|HC|  |TAMS 0x000000071c400000| PB 0x000000071c400000| Complete |  0
| 195|0x000000071c600000, 0x000000071c800000, 0x000000071c800000|100%|HC|  |TAMS 0x000000071c600000| PB 0x000000071c600000| Complete |  0
| 196|0x000000071c800000, 0x000000071ca00000, 0x000000071ca00000|100%|HC|  |TAMS 0x000000071c800000| PB 0x000000071c800000| Complete |  0
| 197|0x000000071ca00000, 0x000000071cc00000, 0x000000071cc00000|100%|HC|  |TAMS 0x000000071ca00000| PB 0x000000071ca00000| Complete |  0
| 198|0x000000071cc00000, 0x000000071ce00000, 0x000000071ce00000|100%|HC|  |TAMS 0x000000071cc00000| PB 0x000000071cc00000| Complete |  0
| 199|0x000000071ce00000, 0x000000071d000000, 0x000000071d000000|100%|HC|  |TAMS 0x000000071ce00000| PB 0x000000071ce00000| Complete |  0
| 200|0x000000071d000000, 0x000000071d200000, 0x000000071d200000|100%|HC|  |TAMS 0x000000071d000000| PB 0x000000071d000000| Complete |  0
| 201|0x000000071d200000, 0x000000071d400000, 0x000000071d400000|100%|HC|  |TAMS 0x000000071d200000| PB 0x000000071d200000| Complete |  0
| 202|0x000000071d400000, 0x000000071d600000, 0x000000071d600000|100%|HC|  |TAMS 0x000000071d400000| PB 0x000000071d400000| Complete |  0
| 203|0x000000071d600000, 0x000000071d800000, 0x000000071d800000|100%|HC|  |TAMS 0x000000071d600000| PB 0x000000071d600000| Complete |  0
| 204|0x000000071d800000, 0x000000071da00000, 0x000000071da00000|100%|HC|  |TAMS 0x000000071d800000| PB 0x000000071d800000| Complete |  0
| 205|0x000000071da00000, 0x000000071dc00000, 0x000000071dc00000|100%|HC|  |TAMS 0x000000071da00000| PB 0x000000071da00000| Complete |  0
| 206|0x000000071dc00000, 0x000000071de00000, 0x000000071de00000|100%|HC|  |TAMS 0x000000071dc00000| PB 0x000000071dc00000| Complete |  0
| 207|0x000000071de00000, 0x000000071e000000, 0x000000071e000000|100%|HC|  |TAMS 0x000000071de00000| PB 0x000000071de00000| Complete |  0
| 208|0x000000071e000000, 0x000000071e200000, 0x000000071e200000|100%|HC|  |TAMS 0x000000071e000000| PB 0x000000071e000000| Complete |  0
| 209|0x000000071e200000, 0x000000071e400000, 0x000000071e400000|100%|HC|  |TAMS 0x000000071e200000| PB 0x000000071e200000| Complete |  0
| 210|0x000000071e400000, 0x000000071e600000, 0x000000071e600000|100%|HC|  |TAMS 0x000000071e400000| PB 0x000000071e400000| Complete |  0
| 211|0x000000071e600000, 0x000000071e800000, 0x000000071e800000|100%|HC|  |TAMS 0x000000071e600000| PB 0x000000071e600000| Complete |  0
| 212|0x000000071e800000, 0x000000071ea00000, 0x000000071ea00000|100%|HC|  |TAMS 0x000000071e800000| PB 0x000000071e800000| Complete |  0
| 213|0x000000071ea00000, 0x000000071ec00000, 0x000000071ec00000|100%|HC|  |TAMS 0x000000071ea00000| PB 0x000000071ea00000| Complete |  0
| 214|0x000000071ec00000, 0x000000071ee00000, 0x000000071ee00000|100%|HC|  |TAMS 0x000000071ec00000| PB 0x000000071ec00000| Complete |  0
| 215|0x000000071ee00000, 0x000000071f000000, 0x000000071f000000|100%|HC|  |TAMS 0x000000071ee00000| PB 0x000000071ee00000| Complete |  0
| 216|0x000000071f000000, 0x000000071f200000, 0x000000071f200000|100%|HC|  |TAMS 0x000000071f000000| PB 0x000000071f000000| Complete |  0
| 217|0x000000071f200000, 0x000000071f400000, 0x000000071f400000|100%|HC|  |TAMS 0x000000071f200000| PB 0x000000071f200000| Complete |  0
| 218|0x000000071f400000, 0x000000071f600000, 0x000000071f600000|100%|HC|  |TAMS 0x000000071f400000| PB 0x000000071f400000| Complete |  0
| 219|0x000000071f600000, 0x000000071f800000, 0x000000071f800000|100%|HC|  |TAMS 0x000000071f600000| PB 0x000000071f600000| Complete |  0
| 220|0x000000071f800000, 0x000000071fa00000, 0x000000071fa00000|100%|HC|  |TAMS 0x000000071f800000| PB 0x000000071f800000| Complete |  0
| 221|0x000000071fa00000, 0x000000071fc00000, 0x000000071fc00000|100%|HC|  |TAMS 0x000000071fa00000| PB 0x000000071fa00000| Complete |  0
| 222|0x000000071fc00000, 0x000000071fe00000, 0x000000071fe00000|100%|HC|  |TAMS 0x000000071fc00000| PB 0x000000071fc00000| Complete |  0
| 223|0x000000071fe00000, 0x0000000720000000, 0x0000000720000000|100%|HC|  |TAMS 0x000000071fe00000| PB 0x000000071fe00000| Complete |  0
| 224|0x0000000720000000, 0x0000000720200000, 0x0000000720200000|100%|HS|  |TAMS 0x0000000720000000| PB 0x0000000720000000| Complete |  0
| 225|0x0000000720200000, 0x0000000720400000, 0x0000000720400000|100%|HC|  |TAMS 0x0000000720200000| PB 0x0000000720200000| Complete |  0
| 226|0x0000000720400000, 0x0000000720600000, 0x0000000720600000|100%|HC|  |TAMS 0x0000000720400000| PB 0x0000000720400000| Complete |  0
| 227|0x0000000720600000, 0x0000000720800000, 0x0000000720800000|100%|HC|  |TAMS 0x0000000720600000| PB 0x0000000720600000| Complete |  0
| 228|0x0000000720800000, 0x0000000720a00000, 0x0000000720a00000|100%|HC|  |TAMS 0x0000000720800000| PB 0x0000000720800000| Complete |  0
| 229|0x0000000720a00000, 0x0000000720c00000, 0x0000000720c00000|100%|HC|  |TAMS 0x0000000720a00000| PB 0x0000000720a00000| Complete |  0
| 230|0x0000000720c00000, 0x0000000720e00000, 0x0000000720e00000|100%|HC|  |TAMS 0x0000000720c00000| PB 0x0000000720c00000| Complete |  0
| 231|0x0000000720e00000, 0x0000000721000000, 0x0000000721000000|100%|HC|  |TAMS 0x0000000720e00000| PB 0x0000000720e00000| Complete |  0
| 232|0x0000000721000000, 0x0000000721200000, 0x0000000721200000|100%|HC|  |TAMS 0x0000000721000000| PB 0x0000000721000000| Complete |  0
| 233|0x0000000721200000, 0x0000000721400000, 0x0000000721400000|100%|HC|  |TAMS 0x0000000721200000| PB 0x0000000721200000| Complete |  0
| 234|0x0000000721400000, 0x0000000721600000, 0x0000000721600000|100%|HC|  |TAMS 0x0000000721400000| PB 0x0000000721400000| Complete |  0
| 235|0x0000000721600000, 0x0000000721800000, 0x0000000721800000|100%|HC|  |TAMS 0x0000000721600000| PB 0x0000000721600000| Complete |  0
| 236|0x0000000721800000, 0x0000000721a00000, 0x0000000721a00000|100%|HC|  |TAMS 0x0000000721800000| PB 0x0000000721800000| Complete |  0
| 237|0x0000000721a00000, 0x0000000721c00000, 0x0000000721c00000|100%|HC|  |TAMS 0x0000000721a00000| PB 0x0000000721a00000| Complete |  0
| 238|0x0000000721c00000, 0x0000000721e00000, 0x0000000721e00000|100%|HC|  |TAMS 0x0000000721c00000| PB 0x0000000721c00000| Complete |  0
| 239|0x0000000721e00000, 0x0000000722000000, 0x0000000722000000|100%|HC|  |TAMS 0x0000000721e00000| PB 0x0000000721e00000| Complete |  0
| 240|0x0000000722000000, 0x0000000722200000, 0x0000000722200000|100%|HC|  |TAMS 0x0000000722000000| PB 0x0000000722000000| Complete |  0
| 241|0x0000000722200000, 0x0000000722400000, 0x0000000722400000|100%|HC|  |TAMS 0x0000000722200000| PB 0x0000000722200000| Complete |  0
| 242|0x0000000722400000, 0x0000000722600000, 0x0000000722600000|100%|HC|  |TAMS 0x0000000722400000| PB 0x0000000722400000| Complete |  0
| 243|0x0000000722600000, 0x0000000722800000, 0x0000000722800000|100%|HC|  |TAMS 0x0000000722600000| PB 0x0000000722600000| Complete |  0
| 244|0x0000000722800000, 0x0000000722a00000, 0x0000000722a00000|100%|HC|  |TAMS 0x0000000722800000| PB 0x0000000722800000| Complete |  0
| 245|0x0000000722a00000, 0x0000000722c00000, 0x0000000722c00000|100%|HC|  |TAMS 0x0000000722a00000| PB 0x0000000722a00000| Complete |  0
| 246|0x0000000722c00000, 0x0000000722e00000, 0x0000000722e00000|100%|HC|  |TAMS 0x0000000722c00000| PB 0x0000000722c00000| Complete |  0
| 247|0x0000000722e00000, 0x0000000723000000, 0x0000000723000000|100%|HC|  |TAMS 0x0000000722e00000| PB 0x0000000722e00000| Complete |  0
| 248|0x0000000723000000, 0x0000000723200000, 0x0000000723200000|100%|HC|  |TAMS 0x0000000723000000| PB 0x0000000723000000| Complete |  0
| 249|0x0000000723200000, 0x0000000723400000, 0x0000000723400000|100%|HC|  |TAMS 0x0000000723200000| PB 0x0000000723200000| Complete |  0
| 250|0x0000000723400000, 0x0000000723600000, 0x0000000723600000|100%|HC|  |TAMS 0x0000000723400000| PB 0x0000000723400000| Complete |  0
| 251|0x0000000723600000, 0x0000000723800000, 0x0000000723800000|100%|HC|  |TAMS 0x0000000723600000| PB 0x0000000723600000| Complete |  0
| 252|0x0000000723800000, 0x0000000723a00000, 0x0000000723a00000|100%|HC|  |TAMS 0x0000000723800000| PB 0x0000000723800000| Complete |  0
| 253|0x0000000723a00000, 0x0000000723c00000, 0x0000000723c00000|100%|HC|  |TAMS 0x0000000723a00000| PB 0x0000000723a00000| Complete |  0
| 254|0x0000000723c00000, 0x0000000723e00000, 0x0000000723e00000|100%|HC|  |TAMS 0x0000000723c00000| PB 0x0000000723c00000| Complete |  0
| 255|0x0000000723e00000, 0x0000000724000000, 0x0000000724000000|100%|HC|  |TAMS 0x0000000723e00000| PB 0x0000000723e00000| Complete |  0
| 256|0x0000000724000000, 0x0000000724200000, 0x0000000724200000|100%|HC|  |TAMS 0x0000000724000000| PB 0x0000000724000000| Complete |  0
| 257|0x0000000724200000, 0x0000000724400000, 0x0000000724400000|100%|HC|  |TAMS 0x0000000724200000| PB 0x0000000724200000| Complete |  0
| 258|0x0000000724400000, 0x0000000724600000, 0x0000000724600000|100%|HC|  |TAMS 0x0000000724400000| PB 0x0000000724400000| Complete |  0
| 259|0x0000000724600000, 0x0000000724800000, 0x0000000724800000|100%|HC|  |TAMS 0x0000000724600000| PB 0x0000000724600000| Complete |  0
| 260|0x0000000724800000, 0x0000000724a00000, 0x0000000724a00000|100%|HC|  |TAMS 0x0000000724800000| PB 0x0000000724800000| Complete |  0
| 261|0x0000000724a00000, 0x0000000724c00000, 0x0000000724c00000|100%|HC|  |TAMS 0x0000000724a00000| PB 0x0000000724a00000| Complete |  0
| 262|0x0000000724c00000, 0x0000000724e00000, 0x0000000724e00000|100%|HC|  |TAMS 0x0000000724c00000| PB 0x0000000724c00000| Complete |  0
| 263|0x0000000724e00000, 0x0000000725000000, 0x0000000725000000|100%|HC|  |TAMS 0x0000000724e00000| PB 0x0000000724e00000| Complete |  0
| 264|0x0000000725000000, 0x0000000725200000, 0x0000000725200000|100%|HC|  |TAMS 0x0000000725000000| PB 0x0000000725000000| Complete |  0
| 265|0x0000000725200000, 0x0000000725400000, 0x0000000725400000|100%|HC|  |TAMS 0x0000000725200000| PB 0x0000000725200000| Complete |  0
| 266|0x0000000725400000, 0x0000000725600000, 0x0000000725600000|100%|HC|  |TAMS 0x0000000725400000| PB 0x0000000725400000| Complete |  0
| 267|0x0000000725600000, 0x0000000725800000, 0x0000000725800000|100%|HC|  |TAMS 0x0000000725600000| PB 0x0000000725600000| Complete |  0
| 268|0x0000000725800000, 0x0000000725a00000, 0x0000000725a00000|100%|HC|  |TAMS 0x0000000725800000| PB 0x0000000725800000| Complete |  0
| 269|0x0000000725a00000, 0x0000000725c00000, 0x0000000725c00000|100%|HC|  |TAMS 0x0000000725a00000| PB 0x0000000725a00000| Complete |  0
| 270|0x0000000725c00000, 0x0000000725e00000, 0x0000000725e00000|100%|HC|  |TAMS 0x0000000725c00000| PB 0x0000000725c00000| Complete |  0
| 271|0x0000000725e00000, 0x0000000726000000, 0x0000000726000000|100%|HC|  |TAMS 0x0000000725e00000| PB 0x0000000725e00000| Complete |  0

Card table byte_map: [0x000002403f650000,0x000002403fe30000] _byte_map_base: 0x000002403be30000

Marking Bits: (CMBitMap*) 0x000002402570cf00
 Bits: [0x000002403fe30000, 0x0000024043d30000)

Polling page: 0x0000024025760000

Metaspace:

Usage:
  Non-class:     19.11 MB used.
      Class:      3.25 MB used.
       Both:     22.36 MB used.

Virtual space:
  Non-class space:       64.00 MB reserved,      19.31 MB ( 30%) committed,  1 nodes.
      Class space:        1.00 GB reserved,       3.44 MB ( <1%) committed,  1 nodes.
             Both:        1.06 GB reserved,      22.75 MB (  2%) committed. 

Chunk freelists:
   Non-Class:  12.64 MB
       Class:  12.52 MB
        Both:  25.16 MB

MaxMetaspaceSize: unlimited
CompressedClassSpaceSize: 1.00 GB
Initial GC threshold: 21.00 MB
Current GC threshold: 35.12 MB
CDS: on
 - commit_granule_bytes: 65536.
 - commit_granule_words: 8192.
 - virtual_space_node_default_size: 8388608.
 - enlarge_chunks_in_place: 1.
 - use_allocation_guard: 0.


Internal statistics:

num_allocs_failed_limit: 3.
num_arena_births: 514.
num_arena_deaths: 0.
num_vsnodes_births: 2.
num_vsnodes_deaths: 0.
num_space_committed: 364.
num_space_uncommitted: 0.
num_chunks_returned_to_freelist: 3.
num_chunks_taken_from_freelist: 1154.
num_chunk_merges: 3.
num_chunk_splits: 777.
num_chunks_enlarged: 536.
num_inconsistent_stats: 0.

CodeHeap 'non-profiled nmethods': size=120000Kb used=1779Kb max_used=1779Kb free=118221Kb
 bounds [0x0000024036ee0000, 0x0000024037150000, 0x000002403e410000]
CodeHeap 'profiled nmethods': size=120000Kb used=8442Kb max_used=8442Kb free=111557Kb
 bounds [0x000002402f410000, 0x000002402fc50000, 0x0000024036940000]
CodeHeap 'non-nmethods': size=5760Kb used=2145Kb max_used=2170Kb free=3614Kb
 bounds [0x0000024036940000, 0x0000024036bb0000, 0x0000024036ee0000]
 total_blobs=5134 nmethods=4255 adapters=783
 compilation: enabled
              stopped_count=0, restarted_count=0
 full_count=0

Compilation events (20 events):
Event: 9.587 Thread 0x000002404697a280 nmethod 4196 0x000002402fc0cc90 code [0x000002402fc0d120, 0x000002402fc0f7a8]
Event: 9.587 Thread 0x000002404697a280 4197       3       javafx.scene.Node::notifyAccessibleAttributeChanged (41 bytes)
Event: 9.588 Thread 0x000002404697a280 nmethod 4197 0x000002402fc10410 code [0x000002402fc10620, 0x000002402fc10f40]
Event: 9.588 Thread 0x000002404697a280 4198       3       javafx.scene.Node$4::onChanged (8 bytes)
Event: 9.588 Thread 0x000002404697a280 nmethod 4198 0x000002402fc11190 code [0x000002402fc11340, 0x000002402fc11488]
Event: 9.588 Thread 0x000002404697a280 4200       3       javafx.scene.Node$9::<init> (10 bytes)
Event: 9.588 Thread 0x000002404697a280 nmethod 4200 0x000002402fc11590 code [0x000002402fc11760, 0x000002402fc11ae8]
Event: 9.588 Thread 0x000002404697a280 4201       3       javafx.scene.Node::setScenes (75 bytes)
Event: 9.589 Thread 0x000002404697a280 nmethod 4201 0x000002402fc11c10 code [0x000002402fc11e80, 0x000002402fc12c88]
Event: 9.589 Thread 0x000002404697a280 4202       3       java.util.HashMap::valuesToArray (81 bytes)
Event: 9.589 Thread 0x000002404697a280 nmethod 4202 0x000002402fc13090 code [0x000002402fc13260, 0x000002402fc136e8]
Event: 9.589 Thread 0x000002404697a280 4203       1       javafx.scene.layout.BackgroundFill::hashCode (5 bytes)
Event: 9.589 Thread 0x000002404697a280 nmethod 4203 0x0000024037096a90 code [0x0000024037096c20, 0x0000024037096ce8]
Event: 9.589 Thread 0x000002404697a280 4204       3       javafx.beans.property.SimpleDoubleProperty::<init> (25 bytes)
Event: 9.589 Thread 0x000002404697a280 nmethod 4204 0x000002402fc13910 code [0x000002402fc13ae0, 0x000002402fc13fd8]
Event: 9.589 Thread 0x000002404697a280 4205       1       javafx.scene.shape.Shape$StyleableProperties$4::isSettable (2 bytes)
Event: 9.590 Thread 0x000002404697a280 nmethod 4205 0x0000024037096d90 code [0x0000024037096f20, 0x0000024037096fe8]
Event: 9.590 Thread 0x000002404697a280 4206       3       javafx.scene.control.IndexedCell::getIndex (8 bytes)
Event: 9.590 Thread 0x000002404697a280 nmethod 4206 0x000002402fc14190 code [0x000002402fc14340, 0x000002402fc14658]
Event: 9.590 Thread 0x000002404697a280 4207       3       javafx.scene.control.Control::computePrefHeight (51 bytes)

GC Heap History (6 events):
Event: 0.486 GC heap before
{Heap before GC invocations=0 (full 0):
 garbage-first heap   total reserved 4128768K, committed 258048K, used 24576K [0x0000000704000000, 0x0000000800000000)
  region size 2048K, 12 young (24576K), 0 survivors (0K)
 Metaspace       used 8592K, committed 8832K, reserved 1114112K
  class space    used 940K, committed 1024K, reserved 1048576K
}
Event: 0.489 GC heap after
{Heap after GC invocations=1 (full 0):
 garbage-first heap   total reserved 4128768K, committed 258048K, used 4217K [0x0000000704000000, 0x0000000800000000)
  region size 2048K, 2 young (4096K), 2 survivors (4096K)
 Metaspace       used 8592K, committed 8832K, reserved 1114112K
  class space    used 940K, committed 1024K, reserved 1048576K
}
Event: 1.402 GC heap before
{Heap before GC invocations=1 (full 0):
 garbage-first heap   total reserved 4128768K, committed 258048K, used 39033K [0x0000000704000000, 0x0000000800000000)
  region size 2048K, 20 young (40960K), 2 survivors (4096K)
 Metaspace       used 19876K, committed 20352K, reserved 1114112K
  class space    used 2932K, committed 3136K, reserved 1048576K
}
Event: 1.408 GC heap after
{Heap after GC invocations=2 (full 0):
 garbage-first heap   total reserved 4128768K, committed 258048K, used 10514K [0x0000000704000000, 0x0000000800000000)
  region size 2048K, 3 young (6144K), 3 survivors (6144K)
 Metaspace       used 19876K, committed 20352K, reserved 1114112K
  class space    used 2932K, committed 3136K, reserved 1048576K
}
Event: 6.899 GC heap before
{Heap before GC invocations=2 (full 0):
 garbage-first heap   total reserved 4128768K, committed 258048K, used 16658K [0x0000000704000000, 0x0000000800000000)
  region size 2048K, 6 young (12288K), 3 survivors (6144K)
 Metaspace       used 21105K, committed 21504K, reserved 1114112K
  class space    used 3055K, committed 3264K, reserved 1048576K
}
Event: 6.902 GC heap after
{Heap after GC invocations=3 (full 0):
 garbage-first heap   total reserved 4128768K, committed 258048K, used 14251K [0x0000000704000000, 0x0000000800000000)
  region size 2048K, 1 young (2048K), 1 survivors (2048K)
 Metaspace       used 21105K, committed 21504K, reserved 1114112K
  class space    used 3055K, committed 3264K, reserved 1048576K
}

Dll operation events (20 events):
Event: 0.329 Loaded shared library C:\Users\ADMIN\.openjfx\cache\21.0.1+6\amd64\api-ms-win-crt-math-l1-1-0.dll
Event: 0.332 Loaded shared library C:\Users\ADMIN\.openjfx\cache\21.0.1+6\amd64\api-ms-win-crt-multibyte-l1-1-0.dll
Event: 0.336 Loaded shared library C:\Users\ADMIN\.openjfx\cache\21.0.1+6\amd64\api-ms-win-crt-private-l1-1-0.dll
Event: 0.339 Loaded shared library C:\Users\ADMIN\.openjfx\cache\21.0.1+6\amd64\api-ms-win-crt-process-l1-1-0.dll
Event: 0.342 Loaded shared library C:\Users\ADMIN\.openjfx\cache\21.0.1+6\amd64\api-ms-win-crt-runtime-l1-1-0.dll
Event: 0.345 Loaded shared library C:\Users\ADMIN\.openjfx\cache\21.0.1+6\amd64\api-ms-win-crt-stdio-l1-1-0.dll
Event: 0.348 Loaded shared library C:\Users\ADMIN\.openjfx\cache\21.0.1+6\amd64\api-ms-win-crt-string-l1-1-0.dll
Event: 0.350 Loaded shared library C:\Users\ADMIN\.openjfx\cache\21.0.1+6\amd64\api-ms-win-crt-time-l1-1-0.dll
Event: 0.353 Loaded shared library C:\Users\ADMIN\.openjfx\cache\21.0.1+6\amd64\api-ms-win-crt-utility-l1-1-0.dll
Event: 0.366 Loaded shared library C:\Users\ADMIN\.openjfx\cache\21.0.1+6\amd64\ucrtbase.dll
Event: 0.369 Loaded shared library C:\Users\ADMIN\.openjfx\cache\21.0.1+6\amd64\vcruntime140.dll
Event: 0.372 Loaded shared library C:\Users\ADMIN\.openjfx\cache\21.0.1+6\amd64\vcruntime140_1.dll
Event: 0.379 Loaded shared library C:\Users\ADMIN\.openjfx\cache\21.0.1+6\amd64\msvcp140.dll
Event: 0.382 Loaded shared library C:\Users\ADMIN\.openjfx\cache\21.0.1+6\amd64\msvcp140_1.dll
Event: 0.386 Loaded shared library C:\Users\ADMIN\.openjfx\cache\21.0.1+6\amd64\msvcp140_2.dll
Event: 0.423 Loaded shared library C:\Users\ADMIN\.openjfx\cache\21.0.1+6\amd64\prism_d3d.dll
Event: 0.453 Loaded shared library C:\Users\ADMIN\.openjfx\cache\21.0.1+6\amd64\glass.dll
Event: 0.715 Loaded shared library C:\Users\ADMIN\.openjfx\cache\21.0.1+6\amd64\javafx_font.dll
Event: 0.848 Loaded shared library C:\Users\ADMIN\.jdks\corretto-22.0.2\bin\rmi.dll
Event: 6.947 Loaded shared library C:\Users\ADMIN\.openjfx\cache\21.0.1+6\amd64\javafx_iio.dll

Deoptimization events (20 events):
Event: 6.948 Thread 0x000002408d1f59b0 Uncommon trap: trap_request=0xffffff45 fr.pc=0x0000024036f86648 relative=0x0000000000000388
Event: 6.948 Thread 0x000002408d1f59b0 Uncommon trap: reason=unstable_if action=reinterpret pc=0x0000024036f86648 method=java.io.ByteArrayInputStream.read([BII)I @ 35 c2
Event: 6.948 Thread 0x000002408d1f59b0 DEOPT PACKING pc=0x0000024036f86648 sp=0x000000e01fbfdc60
Event: 6.948 Thread 0x000002408d1f59b0 DEOPT UNPACKING pc=0x0000024036997da2 sp=0x000000e01fbfdc20 mode 2
Event: 7.109 Thread 0x0000024046cd8cf0 Uncommon trap: trap_request=0xffffffd6 fr.pc=0x000002403705ab10 relative=0x00000000000011d0
Event: 7.109 Thread 0x0000024046cd8cf0 Uncommon trap: reason=array_check action=maybe_recompile pc=0x000002403705ab10 method=javafx.css.SimpleSelector.applies(Ljavafx/css/Styleable;[Ljava/util/Set;I)Z @ 37 c2
Event: 7.109 Thread 0x0000024046cd8cf0 DEOPT PACKING pc=0x000002403705ab10 sp=0x000000e01e7fc0d0
Event: 7.109 Thread 0x0000024046cd8cf0 DEOPT UNPACKING pc=0x0000024036997da2 sp=0x000000e01e7fc0a8 mode 2
Event: 7.109 Thread 0x0000024046cd8cf0 Uncommon trap: trap_request=0xffffffd6 fr.pc=0x000002403705ab10 relative=0x00000000000011d0
Event: 7.109 Thread 0x0000024046cd8cf0 Uncommon trap: reason=array_check action=maybe_recompile pc=0x000002403705ab10 method=javafx.css.SimpleSelector.applies(Ljavafx/css/Styleable;[Ljava/util/Set;I)Z @ 37 c2
Event: 7.109 Thread 0x0000024046cd8cf0 DEOPT PACKING pc=0x000002403705ab10 sp=0x000000e01e7fbfd0
Event: 7.109 Thread 0x0000024046cd8cf0 DEOPT UNPACKING pc=0x0000024036997da2 sp=0x000000e01e7fbfa8 mode 2
Event: 7.109 Thread 0x0000024046cd8cf0 Uncommon trap: trap_request=0xffffffd6 fr.pc=0x000002403705ab10 relative=0x00000000000011d0
Event: 7.109 Thread 0x0000024046cd8cf0 Uncommon trap: reason=array_check action=maybe_recompile pc=0x000002403705ab10 method=javafx.css.SimpleSelector.applies(Ljavafx/css/Styleable;[Ljava/util/Set;I)Z @ 37 c2
Event: 7.109 Thread 0x0000024046cd8cf0 DEOPT PACKING pc=0x000002403705ab10 sp=0x000000e01e7fbfd0
Event: 7.109 Thread 0x0000024046cd8cf0 DEOPT UNPACKING pc=0x0000024036997da2 sp=0x000000e01e7fbfa8 mode 2
Event: 7.109 Thread 0x0000024046cd8cf0 Uncommon trap: trap_request=0xffffffd6 fr.pc=0x000002403705ab10 relative=0x00000000000011d0
Event: 7.109 Thread 0x0000024046cd8cf0 Uncommon trap: reason=array_check action=maybe_recompile pc=0x000002403705ab10 method=javafx.css.SimpleSelector.applies(Ljavafx/css/Styleable;[Ljava/util/Set;I)Z @ 37 c2
Event: 7.109 Thread 0x0000024046cd8cf0 DEOPT PACKING pc=0x000002403705ab10 sp=0x000000e01e7fbf50
Event: 7.109 Thread 0x0000024046cd8cf0 DEOPT UNPACKING pc=0x0000024036997da2 sp=0x000000e01e7fbf28 mode 2

Classes loaded (20 events):
Event: 6.930 Loading class javax/sound/sampled/AudioFormat
Event: 6.930 Loading class javax/sound/sampled/AudioFormat done
Event: 6.930 Loading class javax/sound/sampled/AudioFormat$Encoding
Event: 6.930 Loading class javax/sound/sampled/AudioFormat$Encoding done
Event: 6.933 Loading class sun/rmi/server/Util$1
Event: 6.933 Loading class sun/rmi/server/Util$1 done
Event: 6.935 Loading class sun/rmi/transport/ObjectTable$Reaper
Event: 6.935 Loading class sun/rmi/transport/ObjectTable$Reaper done
Event: 6.936 Loading class java/rmi/server/ServerNotActiveException
Event: 6.936 Loading class java/rmi/server/ServerNotActiveException done
Event: 6.939 Loading class java/util/function/UnaryOperator
Event: 6.939 Loading class java/util/function/UnaryOperator done
Event: 6.939 Loading class java/io/SequenceInputStream
Event: 6.939 Loading class java/io/SequenceInputStream done
Event: 6.943 Loading class java/util/HashMap$UnsafeHolder
Event: 6.943 Loading class java/util/HashMap$UnsafeHolder done
Event: 7.928 Loading class java/lang/Throwable$WrappedPrintStream
Event: 7.928 Loading class java/lang/Throwable$PrintStreamOrWriter
Event: 7.928 Loading class java/lang/Throwable$PrintStreamOrWriter done
Event: 7.928 Loading class java/lang/Throwable$WrappedPrintStream done

Classes unloaded (0 events):
No events

Classes redefined (0 events):
No events

Internal exceptions (20 events):
Event: 0.830 Thread 0x0000024046cd8cf0 Exception <a 'java/lang/NoSuchMethodError'{0x0000000712a3f5f0}: 'void java.lang.invoke.DirectMethodHandle$Holder.invokeVirtual(java.lang.Object, java.lang.Object)'> (0x0000000712a3f5f0) 
thrown [s\src\hotspot\share\interpreter\linkResolver.cpp, line 774]
Event: 0.850 Thread 0x0000024046cd8cf0 Exception <a 'java/lang/NoSuchMethodError'{0x0000000712b14f80}: static [Ljava/rmi/server/ObjID;.<clinit>()V> (0x0000000712b14f80) 
thrown [s\src\hotspot\share\prims\jni.cpp, line 1111]
Event: 0.851 Thread 0x000002408d1f5320 Exception <a 'java/lang/NoSuchMethodError'{0x0000000712b35380}: 'java.lang.Object java.lang.invoke.DirectMethodHandle$Holder.invokeSpecial(java.lang.Object, java.lang.Object, int, java.lang.Object, long)'> (0x0000000712b35380) 
thrown [s\src\hotspot\share\interpreter\linkResolver.cpp, line 774]
Event: 0.852 Thread 0x000002408d1f5320 Exception <a 'java/lang/NoSuchMethodError'{0x0000000712b3c118}: 'java.lang.Object java.lang.invoke.DirectMethodHandle$Holder.newInvokeSpecial(java.lang.Object, java.lang.Object, int, java.lang.Object, long)'> (0x0000000712b3c118) 
thrown [s\src\hotspot\share\interpreter\linkResolver.cpp, line 774]
Event: 0.893 Thread 0x0000024046cd8cf0 Exception <a 'java/io/FileNotFoundException'{0x0000000712917220}> (0x0000000712917220) 
thrown [s\src\hotspot\share\prims\jni.cpp, line 520]
Event: 1.058 Thread 0x0000024046cd8cf0 Exception <a 'java/lang/IncompatibleClassChangeError'{0x0000000711ea2aa8}: Found class java.lang.Object, but interface was expected> (0x0000000711ea2aa8) 
thrown [s\src\hotspot\share\interpreter\linkResolver.cpp, line 841]
Event: 1.119 Thread 0x0000024046cd8cf0 Implicit null exception at 0x0000024036f078e6 to 0x0000024036f0798a
Event: 1.121 Thread 0x0000024046cd8cf0 Implicit null exception at 0x0000024036f71b3d to 0x0000024036f71f60
Event: 1.126 Thread 0x0000024046cd8cf0 Implicit null exception at 0x0000024036fb593d to 0x0000024036fb5ba4
Event: 1.212 Thread 0x0000024046cd8cf0 Exception <a 'java/io/FileNotFoundException'{0x00000007118f4128}> (0x00000007118f4128) 
thrown [s\src\hotspot\share\prims\jni.cpp, line 520]
Event: 1.213 Thread 0x0000024046cd8cf0 Exception <a 'java/io/FileNotFoundException'{0x000000071191f560}> (0x000000071191f560) 
thrown [s\src\hotspot\share\prims\jni.cpp, line 520]
Event: 1.214 Thread 0x0000024046cd8cf0 Exception <a 'java/io/FileNotFoundException'{0x0000000711940060}> (0x0000000711940060) 
thrown [s\src\hotspot\share\prims\jni.cpp, line 520]
Event: 1.214 Thread 0x0000024046cd8cf0 Exception <a 'java/io/FileNotFoundException'{0x00000007119416b0}> (0x00000007119416b0) 
thrown [s\src\hotspot\share\prims\jni.cpp, line 520]
Event: 1.221 Thread 0x0000024046cd8cf0 Exception <a 'java/lang/NoSuchMethodError'{0x000000071163ea80}: 'int java.lang.invoke.DirectMethodHandle$Holder.invokeSpecial(java.lang.Object, java.lang.Object, int)'> (0x000000071163ea80) 
thrown [s\src\hotspot\share\interpreter\linkResolver.cpp, line 774]
Event: 1.238 Thread 0x0000024046cd8cf0 Exception <a 'java/lang/NoSuchMethodError'{0x00000007116ab530}: 'java.lang.Object java.lang.invoke.DirectMethodHandle$Holder.newInvokeSpecial(java.lang.Object, java.lang.Object, int)'> (0x00000007116ab530) 
thrown [s\src\hotspot\share\interpreter\linkResolver.cpp, line 774]
Event: 1.278 Thread 0x0000024046cd8660 Exception <a 'java/lang/NoSuchMethodError'{0x0000000713a4e220}: 'int java.lang.invoke.DirectMethodHandle$Holder.invokeStaticInit(java.lang.Object, java.lang.Object)'> (0x0000000713a4e220) 
thrown [s\src\hotspot\share\interpreter\linkResolver.cpp, line 774]
Event: 1.279 Thread 0x0000024046cd8cf0 Exception <a 'java/lang/NoSuchMethodError'{0x00000007117396a8}: 'long java.lang.invoke.DirectMethodHandle$Holder.invokeStatic(java.lang.Object, java.lang.Object, java.lang.Object)'> (0x00000007117396a8) 
thrown [s\src\hotspot\share\interpreter\linkResolver.cpp, line 774]
Event: 1.280 Thread 0x0000024046cd8cf0 Exception <a 'java/lang/NoSuchMethodError'{0x000000071173caa8}: 'long java.lang.invoke.DirectMethodHandle$Holder.invokeStaticInit(java.lang.Object, java.lang.Object, java.lang.Object)'> (0x000000071173caa8) 
thrown [s\src\hotspot\share\interpreter\linkResolver.cpp, line 774]
Event: 1.281 Thread 0x0000024046cd8cf0 Exception <a 'java/lang/NoSuchMethodError'{0x0000000711751848}: 'java.lang.Object java.lang.invoke.DirectMethodHandle$Holder.newInvokeSpecial(java.lang.Object, java.lang.Object, long)'> (0x0000000711751848) 
thrown [s\src\hotspot\share\interpreter\linkResolver.cpp, line 774]
Event: 1.327 Thread 0x0000024046cd8660 Exception <a 'java/lang/NoSuchMethodError'{0x0000000711430708}: 'java.lang.Object java.lang.invoke.DirectMethodHandle$Holder.invokeStaticInit(java.lang.Object, int)'> (0x0000000711430708) 
thrown [s\src\hotspot\share\interpreter\linkResolver.cpp, line 774]

ZGC Phase Switch (0 events):
No events

VM Operations (20 events):
Event: 1.402 Executing VM operation: G1CollectForAllocation (G1 Evacuation Pause)
Event: 1.408 Executing VM operation: G1CollectForAllocation (G1 Evacuation Pause) done
Event: 3.407 Executing VM operation: Cleanup
Event: 3.407 Executing VM operation: Cleanup done
Event: 4.408 Executing VM operation: Cleanup
Event: 4.408 Executing VM operation: Cleanup done
Event: 5.409 Executing VM operation: Cleanup
Event: 5.409 Executing VM operation: Cleanup done
Event: 6.410 Executing VM operation: Cleanup
Event: 6.410 Executing VM operation: Cleanup done
Event: 6.899 Executing VM operation: CollectForMetadataAllocation (Metadata GC Threshold)
Event: 6.902 Executing VM operation: CollectForMetadataAllocation (Metadata GC Threshold) done
Event: 6.906 Executing VM operation: G1PauseRemark
Event: 6.907 Executing VM operation: G1PauseRemark done
Event: 6.909 Executing VM operation: G1PauseCleanup
Event: 6.909 Executing VM operation: G1PauseCleanup done
Event: 7.049 Executing VM operation: ICBufferFull
Event: 7.049 Executing VM operation: ICBufferFull done
Event: 9.050 Executing VM operation: Cleanup
Event: 9.050 Executing VM operation: Cleanup done

Memory protections (0 events):
No events

Nmethod flushes (0 events):
No events

Events (20 events):
Event: 6.932 Thread 0x0000024046cd8cf0 Thread added: 0x000002408d1f59b0
Event: 6.932 Thread 0x0000024046cd8cf0 Thread added: 0x000002408d1faf00
Event: 6.933 Thread 0x0000024046cd8cf0 Thread added: 0x000002408d1f6040
Event: 6.935 Thread 0x0000024046cd8cf0 Thread added: 0x000002408d1f66d0
Event: 6.935 Thread 0x0000024046cd8cf0 Thread added: 0x000002408d1f73f0
Event: 6.938 Thread 0x000002408d1f66d0 Thread added: 0x000002408d1fbc20
Event: 6.944 Thread 0x000002408d1f6040 Thread exited: 0x000002408d1f6040
Event: 7.130 Thread 0x000002408d1f59b0 Thread exited: 0x000002408d1f59b0
Event: 7.144 Thread 0x0000024046cd8cf0 Thread added: 0x000002408d1fb590
Event: 7.152 Thread 0x0000024046cd8cf0 Thread added: 0x000002408d1f59b0
Event: 7.157 Thread 0x0000024046cd8cf0 Thread added: 0x000002408d1fa870
Event: 7.162 Thread 0x0000024046cd8cf0 Thread added: 0x000002408d1f7a80
Event: 7.308 Thread 0x0000024095277900 Thread exited: 0x0000024095277900
Event: 7.572 Thread 0x000002408d1fb590 Thread exited: 0x000002408d1fb590
Event: 7.611 Thread 0x000002408d1f59b0 Thread exited: 0x000002408d1f59b0
Event: 7.713 Thread 0x000002408d1fa870 Thread exited: 0x000002408d1fa870
Event: 7.780 Thread 0x000002408d1f7a80 Thread exited: 0x000002408d1f7a80
Event: 9.572 Thread 0x0000024046cd8cf0 Thread added: 0x000002408d1f7a80
Event: 9.572 Thread 0x0000024046cd8cf0 Thread added: 0x000002408d1fa870
Event: 9.588 Thread 0x000002408d1fa870 Thread exited: 0x000002408d1fa870


Dynamic libraries:
0x00007ff6ea690000 - 0x00007ff6ea69e000 	C:\Users\ADMIN\.jdks\corretto-22.0.2\bin\java.exe
0x00007ffc5d1d0000 - 0x00007ffc5d3e8000 	C:\Windows\SYSTEM32\ntdll.dll
0x00007ffc5c770000 - 0x00007ffc5c834000 	C:\Windows\System32\KERNEL32.DLL
0x00007ffc5a6a0000 - 0x00007ffc5aa73000 	C:\Windows\System32\KERNELBASE.dll
0x00007ffc5ac10000 - 0x00007ffc5ad21000 	C:\Windows\System32\ucrtbase.dll
0x00007ffc43e40000 - 0x00007ffc43e57000 	C:\Users\ADMIN\.jdks\corretto-22.0.2\bin\jli.dll
0x00007ffc43e20000 - 0x00007ffc43e3b000 	C:\Users\ADMIN\.jdks\corretto-22.0.2\bin\VCRUNTIME140.dll
0x00007ffc5c960000 - 0x00007ffc5cb12000 	C:\Windows\System32\USER32.dll
0x00007ffc42ec0000 - 0x00007ffc4315c000 	C:\Windows\WinSxS\amd64_microsoft.windows.common-controls_6595b64144ccf1df_6.0.22621.6060_none_2712eda17382d24b\COMCTL32.dll
0x00007ffc5a480000 - 0x00007ffc5a4a6000 	C:\Windows\System32\win32u.dll
0x00007ffc5cf10000 - 0x00007ffc5cfb7000 	C:\Windows\System32\msvcrt.dll
0x00007ffc5b530000 - 0x00007ffc5b559000 	C:\Windows\System32\GDI32.dll
0x00007ffc5a2e0000 - 0x00007ffc5a3fb000 	C:\Windows\System32\gdi32full.dll
0x00007ffc5ab70000 - 0x00007ffc5ac0a000 	C:\Windows\System32\msvcp_win.dll
0x00007ffc5cb40000 - 0x00007ffc5cb71000 	C:\Windows\System32\IMM32.DLL
0x00007ffc51c00000 - 0x00007ffc51c0c000 	C:\Users\ADMIN\.jdks\corretto-22.0.2\bin\vcruntime140_1.dll
0x00007ffc0a4c0000 - 0x00007ffc0a54d000 	C:\Users\ADMIN\.jdks\corretto-22.0.2\bin\msvcp140.dll
0x00007ffbf4f40000 - 0x00007ffbf5d11000 	C:\Users\ADMIN\.jdks\corretto-22.0.2\bin\server\jvm.dll
0x00007ffc5cb80000 - 0x00007ffc5cc31000 	C:\Windows\System32\ADVAPI32.dll
0x00007ffc5bba0000 - 0x00007ffc5bc48000 	C:\Windows\System32\sechost.dll
0x00007ffc5aa80000 - 0x00007ffc5aaa8000 	C:\Windows\System32\bcrypt.dll
0x00007ffc5cc60000 - 0x00007ffc5cd78000 	C:\Windows\System32\RPCRT4.dll
0x00007ffc5cd80000 - 0x00007ffc5cdf1000 	C:\Windows\System32\WS2_32.dll
0x00007ffc57e10000 - 0x00007ffc57e44000 	C:\Windows\SYSTEM32\WINMM.dll
0x00007ffc5a1b0000 - 0x00007ffc5a1fd000 	C:\Windows\SYSTEM32\POWRPROF.dll
0x00007ffc543e0000 - 0x00007ffc543ea000 	C:\Windows\SYSTEM32\VERSION.dll
0x00007ffc5a190000 - 0x00007ffc5a1a3000 	C:\Windows\SYSTEM32\UMPDC.dll
0x00007ffc592c0000 - 0x00007ffc592d8000 	C:\Windows\SYSTEM32\kernel.appcore.dll
0x00007ffc44850000 - 0x00007ffc4485a000 	C:\Users\ADMIN\.jdks\corretto-22.0.2\bin\jimage.dll
0x00007ffc57b50000 - 0x00007ffc57d83000 	C:\Windows\SYSTEM32\DBGHELP.DLL
0x00007ffc5b130000 - 0x00007ffc5b4c1000 	C:\Windows\System32\combase.dll
0x00007ffc5d050000 - 0x00007ffc5d128000 	C:\Windows\System32\OLEAUT32.dll
0x00007ffc57dd0000 - 0x00007ffc57e02000 	C:\Windows\SYSTEM32\dbgcore.DLL
0x00007ffc5a400000 - 0x00007ffc5a47b000 	C:\Windows\System32\bcryptPrimitives.dll
0x00007ffc43de0000 - 0x00007ffc43dee000 	C:\Users\ADMIN\.jdks\corretto-22.0.2\bin\instrument.dll
0x00007ffc43e00000 - 0x00007ffc43e1e000 	C:\Users\ADMIN\.jdks\corretto-22.0.2\bin\java.dll
0x00007ffc5bc50000 - 0x00007ffc5c4ec000 	C:\Windows\System32\SHELL32.dll
0x00007ffc5ad30000 - 0x00007ffc5ae6f000 	C:\Windows\System32\wintypes.dll
0x00007ffc5ae70000 - 0x00007ffc5b011000 	C:\Windows\System32\ole32.dll
0x00007ffc581e0000 - 0x00007ffc58afa000 	C:\Windows\SYSTEM32\windows.storage.dll
0x00007ffc5ce00000 - 0x00007ffc5cf04000 	C:\Windows\System32\SHCORE.dll
0x00007ffc5c500000 - 0x00007ffc5c569000 	C:\Windows\System32\shlwapi.dll
0x00007ffc5a210000 - 0x00007ffc5a235000 	C:\Windows\SYSTEM32\profapi.dll
0x00007ffc08f50000 - 0x00007ffc09027000 	C:\Users\ADMIN\.jdks\corretto-22.0.2\bin\jsvml.dll
0x00007ffc436c0000 - 0x00007ffc436d7000 	C:\Users\ADMIN\.jdks\corretto-22.0.2\bin\zip.dll
0x00007ffc43df0000 - 0x00007ffc43e00000 	C:\Users\ADMIN\.jdks\corretto-22.0.2\bin\net.dll
0x00007ffc597a0000 - 0x00007ffc59809000 	C:\Windows\system32\mswsock.dll
0x00007ffc437c0000 - 0x00007ffc437d6000 	C:\Users\ADMIN\.jdks\corretto-22.0.2\bin\nio.dll
0x00007ffc43c50000 - 0x00007ffc43c59000 	C:\Users\ADMIN\.jdks\corretto-22.0.2\bin\extnet.dll
0x00007ffc58dd0000 - 0x00007ffc58ec8000 	C:\Windows\SYSTEM32\DNSAPI.dll
0x00007ffc58d60000 - 0x00007ffc58d8d000 	C:\Windows\SYSTEM32\IPHLPAPI.DLL
0x00007ffc5c4f0000 - 0x00007ffc5c4f9000 	C:\Windows\System32\NSI.dll
0x00007ffc54340000 - 0x00007ffc5434a000 	C:\Windows\System32\rasadhlp.dll
0x00007ffc53be0000 - 0x00007ffc53c64000 	C:\Windows\System32\fwpuclnt.dll
0x00007ffc436b0000 - 0x00007ffc436b9000 	C:\Users\ADMIN\.jdks\corretto-22.0.2\bin\management.dll
0x00007ffc43630000 - 0x00007ffc4363b000 	C:\Users\ADMIN\.jdks\corretto-22.0.2\bin\management_ext.dll
0x00007ffc5c580000 - 0x00007ffc5c588000 	C:\Windows\System32\PSAPI.DLL
0x0000024046d60000 - 0x0000024046d63000 	C:\Users\ADMIN\.openjfx\cache\21.0.1+6\amd64\api-ms-win-core-console-l1-1-0.dll
0x0000024046d70000 - 0x0000024046d73000 	C:\Users\ADMIN\.openjfx\cache\21.0.1+6\amd64\api-ms-win-core-console-l1-2-0.dll
0x0000024046d80000 - 0x0000024046d83000 	C:\Users\ADMIN\.openjfx\cache\21.0.1+6\amd64\api-ms-win-core-datetime-l1-1-0.dll
0x0000024046d90000 - 0x0000024046d93000 	C:\Users\ADMIN\.openjfx\cache\21.0.1+6\amd64\api-ms-win-core-debug-l1-1-0.dll
0x0000024046da0000 - 0x0000024046da3000 	C:\Users\ADMIN\.openjfx\cache\21.0.1+6\amd64\api-ms-win-core-errorhandling-l1-1-0.dll
0x0000024046db0000 - 0x0000024046db4000 	C:\Users\ADMIN\.openjfx\cache\21.0.1+6\amd64\api-ms-win-core-file-l1-1-0.dll
0x0000024046dc0000 - 0x0000024046dc3000 	C:\Users\ADMIN\.openjfx\cache\21.0.1+6\amd64\api-ms-win-core-file-l1-2-0.dll
0x0000024046dd0000 - 0x0000024046dd3000 	C:\Users\ADMIN\.openjfx\cache\21.0.1+6\amd64\api-ms-win-core-file-l2-1-0.dll
0x0000024046de0000 - 0x0000024046de3000 	C:\Users\ADMIN\.openjfx\cache\21.0.1+6\amd64\api-ms-win-core-handle-l1-1-0.dll
0x0000024046df0000 - 0x0000024046df3000 	C:\Users\ADMIN\.openjfx\cache\21.0.1+6\amd64\api-ms-win-core-heap-l1-1-0.dll
0x0000024046e00000 - 0x0000024046e03000 	C:\Users\ADMIN\.openjfx\cache\21.0.1+6\amd64\api-ms-win-core-interlocked-l1-1-0.dll
0x0000024046e10000 - 0x0000024046e13000 	C:\Users\ADMIN\.openjfx\cache\21.0.1+6\amd64\api-ms-win-core-libraryloader-l1-1-0.dll
0x0000024046e20000 - 0x0000024046e23000 	C:\Users\ADMIN\.openjfx\cache\21.0.1+6\amd64\api-ms-win-core-localization-l1-2-0.dll
0x0000024046e30000 - 0x0000024046e33000 	C:\Users\ADMIN\.openjfx\cache\21.0.1+6\amd64\api-ms-win-core-memory-l1-1-0.dll
0x0000024046e40000 - 0x0000024046e43000 	C:\Users\ADMIN\.openjfx\cache\21.0.1+6\amd64\api-ms-win-core-namedpipe-l1-1-0.dll
0x0000024046e50000 - 0x0000024046e53000 	C:\Users\ADMIN\.openjfx\cache\21.0.1+6\amd64\api-ms-win-core-processenvironment-l1-1-0.dll
0x0000024046e60000 - 0x0000024046e63000 	C:\Users\ADMIN\.openjfx\cache\21.0.1+6\amd64\api-ms-win-core-processthreads-l1-1-0.dll
0x0000024046e70000 - 0x0000024046e73000 	C:\Users\ADMIN\.openjfx\cache\21.0.1+6\amd64\api-ms-win-core-processthreads-l1-1-1.dll
0x0000024046e80000 - 0x0000024046e83000 	C:\Users\ADMIN\.openjfx\cache\21.0.1+6\amd64\api-ms-win-core-profile-l1-1-0.dll
0x0000024046e90000 - 0x0000024046e93000 	C:\Users\ADMIN\.openjfx\cache\21.0.1+6\amd64\api-ms-win-core-rtlsupport-l1-1-0.dll
0x0000024046ea0000 - 0x0000024046ea3000 	C:\Users\ADMIN\.openjfx\cache\21.0.1+6\amd64\api-ms-win-core-string-l1-1-0.dll
0x0000024046eb0000 - 0x0000024046eb3000 	C:\Users\ADMIN\.openjfx\cache\21.0.1+6\amd64\api-ms-win-core-synch-l1-1-0.dll
0x0000024046ec0000 - 0x0000024046ec3000 	C:\Users\ADMIN\.openjfx\cache\21.0.1+6\amd64\api-ms-win-core-synch-l1-2-0.dll
0x0000024046ed0000 - 0x0000024046ed3000 	C:\Users\ADMIN\.openjfx\cache\21.0.1+6\amd64\api-ms-win-core-sysinfo-l1-1-0.dll
0x0000024046ee0000 - 0x0000024046ee3000 	C:\Users\ADMIN\.openjfx\cache\21.0.1+6\amd64\api-ms-win-core-timezone-l1-1-0.dll
0x0000024046ef0000 - 0x0000024046ef3000 	C:\Users\ADMIN\.openjfx\cache\21.0.1+6\amd64\api-ms-win-core-util-l1-1-0.dll
0x0000024046f00000 - 0x0000024046f03000 	C:\Users\ADMIN\.openjfx\cache\21.0.1+6\amd64\api-ms-win-crt-conio-l1-1-0.dll
0x0000024046f10000 - 0x0000024046f14000 	C:\Users\ADMIN\.openjfx\cache\21.0.1+6\amd64\api-ms-win-crt-convert-l1-1-0.dll
0x0000024046f20000 - 0x0000024046f23000 	C:\Users\ADMIN\.openjfx\cache\21.0.1+6\amd64\api-ms-win-crt-environment-l1-1-0.dll
0x0000024046f30000 - 0x0000024046f33000 	C:\Users\ADMIN\.openjfx\cache\21.0.1+6\amd64\api-ms-win-crt-filesystem-l1-1-0.dll
0x00007ffc59a00000 - 0x00007ffc59a1b000 	C:\Windows\SYSTEM32\CRYPTSP.dll
0x00007ffc59220000 - 0x00007ffc59257000 	C:\Windows\system32\rsaenh.dll
0x00007ffc59890000 - 0x00007ffc598b8000 	C:\Windows\SYSTEM32\USERENV.dll
0x0000024046f40000 - 0x0000024046f43000 	C:\Users\ADMIN\.openjfx\cache\21.0.1+6\amd64\api-ms-win-crt-heap-l1-1-0.dll
0x00007ffc599f0000 - 0x00007ffc599fc000 	C:\Windows\SYSTEM32\CRYPTBASE.dll
0x0000024046f50000 - 0x0000024046f53000 	C:\Users\ADMIN\.openjfx\cache\21.0.1+6\amd64\api-ms-win-crt-locale-l1-1-0.dll
0x0000024046f60000 - 0x0000024046f65000 	C:\Users\ADMIN\.openjfx\cache\21.0.1+6\amd64\api-ms-win-crt-math-l1-1-0.dll
0x0000024046f70000 - 0x0000024046f75000 	C:\Users\ADMIN\.openjfx\cache\21.0.1+6\amd64\api-ms-win-crt-multibyte-l1-1-0.dll
0x0000024046f80000 - 0x0000024046f90000 	C:\Users\ADMIN\.openjfx\cache\21.0.1+6\amd64\api-ms-win-crt-private-l1-1-0.dll
0x00007ffc2f740000 - 0x00007ffc2f757000 	C:\Windows\system32\napinsp.dll
0x0000024046f90000 - 0x0000024046f93000 	C:\Users\ADMIN\.openjfx\cache\21.0.1+6\amd64\api-ms-win-crt-process-l1-1-0.dll
0x00007ffc2f720000 - 0x00007ffc2f73b000 	C:\Windows\system32\pnrpnsp.dll
0x00007ffc2f300000 - 0x00007ffc2f311000 	C:\Windows\System32\winrnr.dll
0x00007ffc547d0000 - 0x00007ffc547e5000 	C:\Windows\system32\wshbth.dll
0x00007ffc2f2d0000 - 0x00007ffc2f2f1000 	C:\Windows\system32\nlansp_c.dll
0x0000024046fa0000 - 0x0000024046fa4000 	C:\Users\ADMIN\.openjfx\cache\21.0.1+6\amd64\api-ms-win-crt-runtime-l1-1-0.dll
0x0000024046fb0000 - 0x0000024046fb4000 	C:\Users\ADMIN\.openjfx\cache\21.0.1+6\amd64\api-ms-win-crt-stdio-l1-1-0.dll
0x0000024046fc0000 - 0x0000024046fc4000 	C:\Users\ADMIN\.openjfx\cache\21.0.1+6\amd64\api-ms-win-crt-string-l1-1-0.dll
0x0000024046fd0000 - 0x0000024046fd3000 	C:\Users\ADMIN\.openjfx\cache\21.0.1+6\amd64\api-ms-win-crt-time-l1-1-0.dll
0x0000024046fe0000 - 0x0000024046fe3000 	C:\Users\ADMIN\.openjfx\cache\21.0.1+6\amd64\api-ms-win-crt-utility-l1-1-0.dll
0x00007ffc0e970000 - 0x00007ffc0ea6c000 	C:\Users\ADMIN\.openjfx\cache\21.0.1+6\amd64\ucrtbase.dll
0x00007ffc52470000 - 0x00007ffc5248b000 	C:\Users\ADMIN\.openjfx\cache\21.0.1+6\amd64\vcruntime140.dll
0x00007ffc44860000 - 0x00007ffc4486c000 	C:\Users\ADMIN\.openjfx\cache\21.0.1+6\amd64\vcruntime140_1.dll
0x00007ffc1b590000 - 0x00007ffc1b61e000 	C:\Users\ADMIN\.openjfx\cache\21.0.1+6\amd64\msvcp140.dll
0x00007ffc43dd0000 - 0x00007ffc43dd9000 	C:\Users\ADMIN\.openjfx\cache\21.0.1+6\amd64\msvcp140_1.dll
0x00007ffc43da0000 - 0x00007ffc43dcf000 	C:\Users\ADMIN\.openjfx\cache\21.0.1+6\amd64\msvcp140_2.dll
0x00007ffc3ac00000 - 0x00007ffc3ac50000 	C:\Windows\SYSTEM32\pdh.dll
0x00007ffc43cb0000 - 0x00007ffc43cdf000 	C:\Users\ADMIN\.openjfx\cache\21.0.1+6\amd64\prism_d3d.dll
0x00007ffbd6c00000 - 0x00007ffbd6da8000 	C:\Windows\system32\d3d9.dll
0x00007ffc575a0000 - 0x00007ffc575cb000 	C:\Windows\SYSTEM32\dwmapi.dll
0x00007ffc57440000 - 0x00007ffc57477000 	C:\Windows\SYSTEM32\dxcore.dll
0x00007ffc57320000 - 0x00007ffc573d3000 	C:\Windows\system32\uxtheme.dll
0x00007ffbd69a0000 - 0x00007ffbd6bff000 	C:\Windows\System32\DriverStore\FileRepository\iigd_dch.inf_amd64_af2dd92515fdd6b0\igdumdim64.dll
0x00007ffbd5450000 - 0x00007ffbd6999000 	C:\Windows\System32\DriverStore\FileRepository\iigd_dch.inf_amd64_af2dd92515fdd6b0\igd9dxva64.dll
0x00007ffc5b560000 - 0x00007ffc5b9d4000 	C:\Windows\System32\SETUPAPI.dll
0x00007ffc59f00000 - 0x00007ffc59f4e000 	C:\Windows\SYSTEM32\cfgmgr32.dll
0x00007ffbdc390000 - 0x00007ffbde0bb000 	C:\Windows\System32\DriverStore\FileRepository\iigd_dch.inf_amd64_af2dd92515fdd6b0\media_bin_64.dll
0x00007ffc4a760000 - 0x00007ffc4ab9e000 	C:\Windows\System32\DriverStore\FileRepository\iigd_dch.inf_amd64_af2dd92515fdd6b0\igdgmm64.dll
0x00007ffc51230000 - 0x00007ffc51279000 	C:\Windows\SYSTEM32\directxdatabasehelper.dll
0x00007ffc32620000 - 0x00007ffc32662000 	C:\Users\ADMIN\.openjfx\cache\21.0.1+6\amd64\glass.dll
0x00007ffc5b020000 - 0x00007ffc5b123000 	C:\Windows\System32\COMDLG32.dll

dbghelp: loaded successfully - version: 4.0.5 - missing functions: none
symbol engine: initialized successfully - sym options: 0x614 - pdb path: .;C:\Users\ADMIN\.jdks\corretto-22.0.2\bin;C:\Windows\SYSTEM32;C:\Windows\WinSxS\amd64_microsoft.windows.common-controls_6595b64144ccf1df_6.0.22621.6060_none_2712eda17382d24b;C:\Users\ADMIN\.jdks\corretto-22.0.2\bin\server;C:\Users\ADMIN\.openjfx\cache\21.0.1+6\amd64;C:\Windows\System32\DriverStore\FileRepository\iigd_dch.inf_amd64_af2dd92515fdd6b0;C:\Program Files\Common Files\Microsoft Shared\Ink

VM Arguments:
jvm_args: -javaagent:C:\Program Files\JetBrains\IntelliJ IDEA 2025.1\lib\idea_rt.jar=57359 -Dfile.encoding=UTF-8 -Dsun.stdout.encoding=UTF-8 -Dsun.stderr.encoding=UTF-8 
java_command: com.example.client.Launcher
java_class_path (initial): E:\LAP_TRINH_MANG\ChatP2PHyper\client\target\classes;E:\LAP_TRINH_MANG\ChatP2PHyper\common\target\classes;C:\Users\ADMIN\.m2\repository\org\openjfx\javafx-controls\21.0.1\javafx-controls-21.0.1.jar;C:\Users\ADMIN\.m2\repository\org\openjfx\javafx-controls\21.0.1\javafx-controls-21.0.1-win.jar;C:\Users\ADMIN\.m2\repository\org\openjfx\javafx-graphics\21.0.1\javafx-graphics-21.0.1.jar;C:\Users\ADMIN\.m2\repository\org\openjfx\javafx-graphics\21.0.1\javafx-graphics-21.0.1-win.jar;C:\Users\ADMIN\.m2\repository\org\openjfx\javafx-base\21.0.1\javafx-base-21.0.1.jar;C:\Users\ADMIN\.m2\repository\org\openjfx\javafx-base\21.0.1\javafx-base-21.0.1-win.jar;C:\Users\ADMIN\.m2\repository\org\openjfx\javafx-fxml\21.0.1\javafx-fxml-21.0.1.jar;C:\Users\ADMIN\.m2\repository\org\openjfx\javafx-fxml\21.0.1\javafx-fxml-21.0.1-win.jar;C:\Users\ADMIN\.m2\repository\com\github\sarxos\webcam-capture\0.3.12\webcam-capture-0.3.12.jar;C:\Users\ADMIN\.m2\repository\com\nativelibs4java\bridj\0.7.0\bridj-0.7.0.jar;C:\Users\ADMIN\.m2\repository\org\slf4j\slf4j-api\1.7.2\slf4j-api-1.7.2.jar;C:\Users\ADMIN\.m2\repository\org\openjfx\javafx-swing\21.0.1\javafx-swing-21.0.1.jar;C:\Users\ADMIN\.m2\repository\org\openjfx\javafx-swing\21.0.1\javafx-swing-21.0.1-win.jar;C:\Users\ADMIN\.m2\repository\org\slf4j\slf4j-simple\1.7.36\slf4j-simple-1.7.36.jar
Launcher Type: SUN_STANDARD

[Global flags]
     intx CICompilerCount                          = 4                                         {product} {ergonomic}
     uint ConcGCThreads                            = 2                                         {product} {ergonomic}
     uint G1ConcRefinementThreads                  = 8                                         {product} {ergonomic}
   size_t G1HeapRegionSize                         = 2097152                                   {product} {ergonomic}
   size_t InitialHeapSize                          = 264241152                                 {product} {ergonomic}
   size_t MarkStackSize                            = 4194304                                   {product} {ergonomic}
   size_t MaxHeapSize                              = 4227858432                                {product} {ergonomic}
   size_t MaxNewSize                               = 2535456768                                {product} {ergonomic}
   size_t MinHeapDeltaBytes                        = 2097152                                   {product} {ergonomic}
   size_t MinHeapSize                              = 8388608                                   {product} {ergonomic}
    uintx NonNMethodCodeHeapSize                   = 5839372                                {pd product} {ergonomic}
    uintx NonProfiledCodeHeapSize                  = 122909434                              {pd product} {ergonomic}
    uintx ProfiledCodeHeapSize                     = 122909434                              {pd product} {ergonomic}
    uintx ReservedCodeCacheSize                    = 251658240                              {pd product} {ergonomic}
     bool SegmentedCodeCache                       = true                                      {product} {ergonomic}
   size_t SoftMaxHeapSize                          = 4227858432                             {manageable} {ergonomic}
     bool UseCompressedOops                        = true                           {product lp64_product} {ergonomic}
     bool UseG1GC                                  = true                                      {product} {ergonomic}
     bool UseLargePagesIndividualAllocation        = false                                  {pd product} {ergonomic}

Logging:
Log output configuration:
 #0: stdout all=warning uptime,level,tags foldmultilines=false
 #1: stderr all=off uptime,level,tags foldmultilines=false

Environment Variables:
JAVA_HOME=C:\Program Files\Java\jdk-17
PATH=C:\Program Files\MongoDB\Server\8.2\bin;C:\Users\ADMIN\AppData\Local\Programs\Python\Python39\Scripts;C:\Program Files\Java\jdk-17\bin;C:\Users\ADMIN\AppData\Local\Programs\Python\Python39;C:\Program Files\ImageMagick-7.1.2-Q16-HDRI;C:\Program Files\Common Files\Oracle\Java\javapath;C:\Windows\system32;C:\Windows;C:\Windows\System32\Wbem;C:\Windows\System32\WindowsPowerShell\v1.0\;C:\Windows\System32\OpenSSH\;C:\composer;C:\Program Files\Git\cmd;C:\Program Files\dotnet\;C:\ProgramData\ComposerSetup\bin;C:\Program Files\nodejs\;C:\Users\ADMIN\AppData\Local\Microsoft\WindowsApps;C:\Users\ADMIN\AppData\Local\Programs\Microsoft VS Code\bin;C:\Users\ADMIN\AppData\Local\JetBrains\Toolbox\scripts;C:\msys64\ucrt64\bin;C:\php-8.4.11;C:\Users\ADMIN\AppData\Roaming\Composer\vendor\bin;C:\Users\ADMIN\AppData\Roaming\npm;C:\Users\ADMIN\AppData\Local\Microsoft\WinGet\Links;C:\adb;C:\apache-maven-3.9.11\bin;C:\Program Files (x86)\Microsoft SQL Server\170\Tools\Binn\;C:\Program Files\Microsoft SQL Server\170\Tools\Binn\;C:\Program Files\Microsoft SQL Server\Client SDK\ODBC\180\Tools\Binn\;C:\Program Files\Microsoft SQL Server\170\DTS\Binn\;C:\Program Files\Microsoft SQL Server\150\Tools\Binn\;C:\Program Files\Microsoft SQL Server\Client SDK\ODBC\170\Tools\Binn\;C:\Program Files\Microsoft SQL Server\130\DTS\Binn\;C:\Program Files\Microsoft SQL Server\140\DTS\Binn\;C:\Program Files\Microsoft SQL Server\150\DTS\Binn\;C:\Program Files\Microsoft SQL Server\160\DTS\Binn\;C:\Program Files\MySQL\MySQL Server 8.0\bin;C:\Program Files\Redis;C:\Program Files (x86)\Microsoft SQL Server\160\Tools\Binn\;C:\Program Files\Microsoft SQL Server\160\Tools\Binn\;C:\Program Files (x86)\Microsoft SQL Server\160\DTS\Binn\;C:\sqlite;C:\Program Files\ImageMagick-7.1.2-Q16-HDRI;C:\Program Files\Common Files\Oracle\Java\javapath;C:\Windows\system32;C:\Windows;C:\Windows\System32\Wbem;C:\Windows\System32\WindowsPowerShell\v1.0\;C:\Windows\System32\OpenSSH\;C:\composer;C:\Program Files\Git\cmd;C:\Program Files\dotnet\;C:\ProgramData\ComposerSetup\bin;C:\Program Files\nodejs\;C:\Users\ADMIN\AppData\Local\Microsoft\WindowsApps;C:\Users\ADMIN\AppData\Local\Programs\Microsoft VS Code\bin;C:\Users\ADMIN\AppData\Local\JetBrains\Toolbox\scripts;C:\msys64\ucrt64\bin;C:\php-8.4.11;C:\Users\ADMIN\AppData\Roaming\Composer\vendor\bin;C:\Users\ADMIN\AppData\Roaming\npm;C:\Users\ADMIN\AppData\Local\Microsoft\WinGet\Links;C:\adb;C:\apache-maven-3.9.11\bin;C:\Program Files (x86)\Microsoft SQL Server\170\Tools\Binn\;C:\Program Files\Microsoft SQL Server\170\Tools\Binn\;C:\Program Files\Microsoft SQL Server\Client SDK\ODBC\180\Tools\Binn\;C:\Program Files\Microsoft SQL Server\170\DTS\Binn\;C:\Program Files\Microsoft SQL Server\150\Tools\Binn\;C:\Program Files\Microsoft SQL Server\Client SDK\ODBC\170\Tools\Binn\;C:\Program Files\Microsoft SQL Server\130\DTS\Binn\;C:\Program Files\Microsoft SQL Server\140\DTS\Binn\;C:\Program Files\Microsoft SQL Server\150\DTS\Binn\;C:\Program Files\Microsoft SQL Server\160\DTS\Binn\;C:\Users\ADMIN\AppData\Local\Microsoft\WindowsApps;C:\Users\ADMIN\AppData\Local\Programs\Microsoft VS Code\bin;C:\Users\ADMIN\AppData\Local\JetBrains\Toolbox\scripts;C:\msys64\ucrt64\bin;C:\php-8.4.11;C:\Users\ADMIN\AppData\Roaming\Composer\vendor\bin;C:\Users\ADMIN\AppData\Roaming\npm;C:\Users\ADMIN\AppData\Local\Microsoft\WinGet\Links;C:\Users\ADMIN\AppData\Local\Programs\Kiro\bin;C:\Python39;C:\Python39\Scripts;C:\Users\ADMIN\AppData\Local\Programs\Python\Python39;C:\Users\ADMIN\AppData\Local\Programs\Python\Python39\Scripts;C:\Users\ADMIN\AppData\Local\Programs\Python\Python39;C:\Users\ADMIN\AppData\Local\Programs\Python\Python39\Scripts
USERNAME=ADMIN
OS=Windows_NT
PROCESSOR_IDENTIFIER=Intel64 Family 6 Model 140 Stepping 2, GenuineIntel
TMP=C:\Users\ADMIN\AppData\Local\Temp
TEMP=C:\Users\ADMIN\AppData\Local\Temp




Periodic native trim disabled

---------------  S Y S T E M  ---------------

OS:
 Windows 11 , 64 bit Build 22621 (10.0.22621.5415)
OS uptime: 0 days 11:35 hours

CPU: total 8 (initial active 8) (4 cores per cpu, 2 threads per core) family 6 model 140 stepping 2 microcode 0x38, cx8, cmov, fxsr, ht, mmx, 3dnowpref, sse, sse2, sse3, ssse3, sse4.1, sse4.2, popcnt, lzcnt, tsc, tscinvbit, avx, avx2, aes, erms, clmul, bmi1, bmi2, adx, avx512f, avx512dq, avx512cd, avx512bw, avx512vl, sha, fma, vzeroupper, avx512_vpopcntdq, avx512_vpclmulqdq, avx512_vaes, avx512_vnni, clflush, clflushopt, clwb, avx512_vbmi2, avx512_vbmi, rdtscp, rdpid, fsrm, gfni, avx512_bitalg, f16c, pku, cet_ibt, cet_ss, avx512_ifma
Processor Information for all 8 processors :
  Max Mhz: 2496, Current Mhz: 2496, Mhz Limit: 2496

Memory: 4k page, system-wide physical 16126M (405M free)
TotalPageFile size 24318M (AvailPageFile size 6M)
current process WorkingSet (physical memory assigned to process): 1202M, peak: 1204M
current process commit charge ("private bytes"): 1275M, peak: 1342M

vm_info: OpenJDK 64-Bit Server VM (22.0.2+9-FR) for windows-amd64 JRE (22.0.2+9-FR), built on 2024-07-09T01:10:09Z by "Administrator" with MS VC++ 16.10 / 16.11 (VS2019)

END.
